Log file open, 06/25/17 14:40:59
LogInit:Display: Running engine for game: GTAsims
LogPlatformFile: Not using cached read wrapper
LogInit:Display: RandInit(809502121) SRandInit(809502121).
LogTaskGraph: Started task graph with 5 named threads and 8 total threads with 1 sets of task threads.
LogStats: Stats thread started at 0.100491
LogInit: Using libcurl 7.47.1
LogInit:  - built for x86_64-pc-win32
LogInit:  - supports SSL with OpenSSL/1.0.2g
LogInit:  - supports HTTP deflate (compression) using libz 1.2.8
LogInit:  - other features:
LogInit:      CURL_VERSION_SSL
LogInit:      CURL_VERSION_LIBZ
LogInit:      CURL_VERSION_IPV6
LogInit:      CURL_VERSION_ASYNCHDNS
LogInit:      CURL_VERSION_LARGEFILE
LogInit:      CURL_VERSION_IDN
LogInit:  CurlRequestOptions (configurable via config and command line):
LogInit:  - bVerifyPeer = false  - Libcurl will NOT verify peer certificate
LogInit:  - bUseHttpProxy = false  - Libcurl will NOT use HTTP proxy
LogInit:  - bDontReuseConnections = false  - Libcurl will reuse connections
LogInit:  - CertBundlePath = nullptr  - Libcurl will use whatever was configured at build time.
LogInit: Build: ++UE4+Release-4.16-CL-3466753
LogInit: Engine Version: 4.16.1-3466753+++UE4+Release-4.16
LogInit: Compatible Engine Version: 4.16.0-3452394+++UE4+Release-4.16
LogInit: Net CL: 3452394
LogDevObjectVersion: Number of dev versions registered: 16
LogDevObjectVersion:   Dev-Blueprints (B0D832E4-1F89-4F0D-ACCF-7EB736FD4AA2): 9
LogDevObjectVersion:   Dev-Build (E1C64328-A22C-4D53-A36C-8E866417BD8C): 0
LogDevObjectVersion:   Dev-Core (375EC13C-06E4-48FB-B500-84F0262A717E): 2
LogDevObjectVersion:   Dev-Editor (E4B068ED-F494-42E9-A231-DA0B2E46BB41): 17
LogDevObjectVersion:   Dev-Framework (CFFC743F-43B0-4480-9391-14DF171D2073): 23
LogDevObjectVersion:   Dev-Mobile (B02B49B5-BB20-44E9-A304-32B752E40360): 0
LogDevObjectVersion:   Dev-Networking (A4E4105C-59A1-49B5-A7C5-40C4547EDFEE): 0
LogDevObjectVersion:   Dev-Online (39C831C9-5AE6-47DC-9A44-9C173E1C8E7C): 0
LogDevObjectVersion:   Dev-Physics (78F01B33-EBEA-4F98-B9B4-84EACCB95AA2): 0
LogDevObjectVersion:   Dev-Platform (6631380F-2D4D-43E0-8009-CF276956A95A): 0
LogDevObjectVersion:   Dev-Rendering (12F88B9F-8875-4AFC-A67C-D90C383ABD29): 15
LogDevObjectVersion:   Dev-Sequencer (7B5AE74C-D270-4C10-A958-57980B212A5A): 4
LogDevObjectVersion:   Dev-VR (D7296918-1DD6-4BDD-9DE2-64A83CC13884): 0
LogDevObjectVersion:   Dev-LoadTimes (C2A15278-BFE7-4AFE-6C17-90FF531DF755): 1
LogDevObjectVersion:   Private-Geometry (6EACA3D4-40EC-4CC1-B786-8BED09428FC5): 1
LogDevObjectVersion:   Dev-AnimPhys (29E575DD-E0A3-4627-9D10-D276232CDCEA): 3
LogInit: Compiled (64-bit): May 31 2017 02:03:30
LogInit: Compiled with Visual C++: 19.00.24215.01
LogInit: Build Configuration: Development
LogInit: Branch Name: ++UE4+Release-4.16
LogInit: Command line:  
LogInit: Base directory: C:/Program Files/Epic Games/UE_4.16/Engine/Binaries/Win64/
LogInit: Installed Engine Build: 1
LogInit: Presizing for max 8388607 objects, including 0 objects not considered by GC, pre-allocating 0 bytes for permanent pool.
LogInit: Object subsystem initialized
[2017.06.25-12.41.00:301][  0]LogInit: Selected Device Profile: [Windows]
[2017.06.25-12.41.00:301][  0]LogInit: Applying CVar settings loaded from the selected device profile: [Windows]
[2017.06.25-12.41.00:322][  0]LogInit: Computer: DESKTOP-A4GNOHH
[2017.06.25-12.41.00:322][  0]LogInit: User: Maciek
[2017.06.25-12.41.00:322][  0]LogInit: CPU Page size=4096, Cores=4
[2017.06.25-12.41.00:322][  0]LogInit: High frequency timer resolution =3.417963 MHz
[2017.06.25-12.41.00:322][  0]LogMemory: Memory total: Physical=8.0GB (8GB approx)
[2017.06.25-12.41.00:322][  0]LogMemory: Platform Memory Stats for Windows
[2017.06.25-12.41.00:322][  0]LogMemory: Process Physical Memory: 273.45 MB used, 273.45 MB peak
[2017.06.25-12.41.00:322][  0]LogMemory: Process Virtual Memory: 266.86 MB used, 266.86 MB peak
[2017.06.25-12.41.00:322][  0]LogMemory: Physical Memory: 5082.80 MB used,  3060.29 MB free, 8143.09 MB total
[2017.06.25-12.41.00:322][  0]LogMemory: Virtual Memory: 643.46 MB used,  3060.29 MB free, 134217728.00 MB total
[2017.06.25-12.41.00:403][  0]LogInit: Using OS detected language (pl-PL).
[2017.06.25-12.41.00:403][  0]LogInit: Using OS detected locale (pl-PL).
[2017.06.25-12.41.00:407][  0]LogTextLocalizationManager: No localization for 'pl-PL' exists, so 'en' will be used for the language.
[2017.06.25-12.41.00:407][  0]LogTextLocalizationManager: No localization for 'pl-PL' exists, so 'en' will be used for the locale.
[2017.06.25-12.41.01:378][  0]LogD3D11RHI: D3D11 adapters:
[2017.06.25-12.41.01:941][  0]LogD3D11RHI:    0. 'NVIDIA GeForce GTX 960' (Feature Level 11_0)
[2017.06.25-12.41.01:941][  0]LogD3D11RHI:       2016/0/4071 MB DedicatedVideo/DedicatedSystem/SharedSystem, Outputs:2, VendorId:0x10de
[2017.06.25-12.41.01:943][  0]LogD3D11RHI:    1. 'Microsoft Basic Render Driver' (Feature Level 11_0)
[2017.06.25-12.41.01:943][  0]LogD3D11RHI:       0/0/4071 MB DedicatedVideo/DedicatedSystem/SharedSystem, Outputs:0, VendorId:0x1414
[2017.06.25-12.41.01:943][  0]LogD3D11RHI: Chosen D3D11 Adapter: 0
[2017.06.25-12.41.01:947][  0]LogD3D11RHI: Creating new Direct3DDevice
[2017.06.25-12.41.01:947][  0]LogD3D11RHI:     GPU DeviceId: 0x1401 (for the marketing name, search the web for "GPU Device Id")
[2017.06.25-12.41.01:947][  0]LogWindows: EnumDisplayDevices:
[2017.06.25-12.41.01:947][  0]LogWindows:    0. 'NVIDIA GeForce GTX 960' (P:1 D:1)
[2017.06.25-12.41.01:947][  0]LogWindows:    1. 'NVIDIA GeForce GTX 960' (P:0 D:1)
[2017.06.25-12.41.01:947][  0]LogWindows:    2. 'NVIDIA GeForce GTX 960' (P:0 D:0)
[2017.06.25-12.41.01:947][  0]LogWindows:    3. 'NVIDIA GeForce GTX 960' (P:0 D:0)
[2017.06.25-12.41.01:948][  0]LogWindows: DebugString: FoundDriverCount:4 
[2017.06.25-12.41.01:948][  0]LogD3D11RHI:     Adapter Name: NVIDIA GeForce GTX 960
[2017.06.25-12.41.01:948][  0]LogD3D11RHI:   Driver Version: 382.33 (internal:22.21.13.8233, unified:382.33)
[2017.06.25-12.41.01:948][  0]LogD3D11RHI:      Driver Date: 5-17-2017
[2017.06.25-12.41.01:948][  0]LogRHI: Texture pool is 1361 MB (70% of 1945 MB)
[2017.06.25-12.41.02:518][  0]LogD3D11RHI: Async texture creation enabled
[2017.06.25-12.41.02:548][  0]LogD3D11RHI: GPU Timing Frequency: 1000.000000 (Debug: 2 1)
[2017.06.25-12.41.02:598][  0]LogD3D11RHI: HDR output is supported on display 1 (NvId: 0x80061083).
[2017.06.25-12.41.02:598][  0]LogShaderCompilers: Guid format shader working directory is 9 characters bigger than the processId version (D:/Projekty/Unreal Engine/GTAsims 4.15/Intermediate/Shaders/WorkingDirectory/5160/).
[2017.06.25-12.41.02:599][  0]LogShaderCompilers: Cleaned the shader compiler working directory 'C:/Users/Maciek/AppData/Local/Temp/UnrealShaderWorkingDir/FC5D1C9D44535CB86EE1B49ED2778DB8/'.
[2017.06.25-12.41.02:599][  0]LogShaderCompilers:Display: Using Local Shader Compiler.
[2017.06.25-12.41.03:720][  0]LogTemp:Display: Loaded TP AllDesktopTargetPlatform
[2017.06.25-12.41.03:788][  0]LogTemp:Display: Loaded TP MacClientTargetPlatform
[2017.06.25-12.41.03:858][  0]LogTemp:Display: Loaded TP MacNoEditorTargetPlatform
[2017.06.25-12.41.03:925][  0]LogTemp:Display: Loaded TP MacServerTargetPlatform
[2017.06.25-12.41.03:996][  0]LogTemp:Display: Loaded TP MacTargetPlatform
[2017.06.25-12.41.04:063][  0]LogTemp:Display: Loaded TP WindowsClientTargetPlatform
[2017.06.25-12.41.04:130][  0]LogTemp:Display: Loaded TP WindowsNoEditorTargetPlatform
[2017.06.25-12.41.04:196][  0]LogTemp:Display: Loaded TP WindowsServerTargetPlatform
[2017.06.25-12.41.04:255][  0]LogTemp:Display: Loaded TP WindowsTargetPlatform
[2017.06.25-12.41.04:317][  0]LogTemp:Display: Loaded TP AndroidTargetPlatform
[2017.06.25-12.41.04:381][  0]LogTemp:Display: Loaded TP Android_ASTCTargetPlatform
[2017.06.25-12.41.04:444][  0]LogTemp:Display: Loaded TP Android_ATCTargetPlatform
[2017.06.25-12.41.04:505][  0]LogTemp:Display: Loaded TP Android_DXTTargetPlatform
[2017.06.25-12.41.04:567][  0]LogTemp:Display: Loaded TP Android_ETC1TargetPlatform
[2017.06.25-12.41.04:629][  0]LogTemp:Display: Loaded TP Android_ETC2TargetPlatform
[2017.06.25-12.41.04:754][  0]LogTemp:Display: Loaded TP Android_MultiTargetPlatform
[2017.06.25-12.41.04:754][  0]LogTemp:Display: Loaded TP Android_PVRTCTargetPlatform
[2017.06.25-12.41.04:807][  0]LogTemp:Display: Loaded TP HTML5TargetPlatform
[2017.06.25-12.41.04:917][  0]LogTemp:Display: Loaded TP IOSTargetPlatform
[2017.06.25-12.41.04:950][  0]LogTemp:Display: Loaded TP TVOSTargetPlatform
[2017.06.25-12.41.05:012][  0]LogTemp:Display: Loaded TP LinuxClientTargetPlatform
[2017.06.25-12.41.05:074][  0]LogTemp:Display: Loaded TP LinuxNoEditorTargetPlatform
[2017.06.25-12.41.05:137][  0]LogTemp:Display: Loaded TP LinuxServerTargetPlatform
[2017.06.25-12.41.05:199][  0]LogTemp:Display: Loaded TP LinuxTargetPlatform
[2017.06.25-12.41.05:199][  0]LogTargetPlatformManager:Display: Building Assets For Windows
[2017.06.25-12.41.05:852][  0]LogDerivedDataCache:Display: Max Cache Size: 512 MB
[2017.06.25-12.41.05:972][  0]LogDerivedDataCache: Loaded boot cache 0.12s 90MB C:/Users/Maciek/AppData/Local/UnrealEngine/4.16/DerivedDataCache/Boot.ddc.
[2017.06.25-12.41.05:972][  0]LogDerivedDataCache:Display: Loaded Boot cache: C:/Users/Maciek/AppData/Local/UnrealEngine/4.16/DerivedDataCache/Boot.ddc
[2017.06.25-12.41.05:972][  0]LogDerivedDataCache: FDerivedDataBackendGraph:  Pak pak cache file D:/Projekty/Unreal Engine/GTAsims 4.15/DerivedDataCache/DDC.ddp not found, will not use a pak cache.
[2017.06.25-12.41.05:972][  0]LogDerivedDataCache: Unable to find inner node Pak for hierarchical cache Hierarchy.
[2017.06.25-12.41.05:972][  0]LogDerivedDataCache: FDerivedDataBackendGraph:  CompressedPak pak cache file D:/Projekty/Unreal Engine/GTAsims 4.15/DerivedDataCache/Compressed.ddp not found, will not use a pak cache.
[2017.06.25-12.41.05:972][  0]LogDerivedDataCache: Unable to find inner node CompressedPak for hierarchical cache Hierarchy.
[2017.06.25-12.41.05:992][  0]LogDerivedDataCache:Display: Pak cache opened for reading ../../../Engine/DerivedDataCache/Compressed.ddp.
[2017.06.25-12.41.06:005][  0]LogDerivedDataCache: Using Local data cache path C:/Users/Maciek/AppData/Local/UnrealEngine/Common/DerivedDataCache: Writable
[2017.06.25-12.41.06:016][  0]LogMaterial: Verifying Global Shaders for PCD3D_SM5
[2017.06.25-12.41.06:016][  0]LogSlate: Using Freetype 2.6.0
[2017.06.25-12.41.06:017][  0]LogSlate: SlateFontCache - WITH_FREETYPE: 1, WITH_HARFBUZZ: 1
[2017.06.25-12.41.06:017][  0]LogSlate: SlateFontCache - WITH_FREETYPE: 1, WITH_HARFBUZZ: 1
[2017.06.25-12.41.06:410][  0]LogInit: Selected Device Profile: [Windows]
[2017.06.25-12.41.06:495][  0]LogContentStreaming: Texture pool size is 0.00 MB
[2017.06.25-12.41.06:682][  0]LogMeshUtilities: Using QuadricMeshReduction for automatic static mesh reduction
[2017.06.25-12.41.06:742][  0]LogSimplygon: Simplygon DLL not present - disabling.
[2017.06.25-12.41.06:819][  0]LogMeshUtilities: Using SimplygonSwarm for distributed automatic mesh merging
[2017.06.25-12.41.06:819][  0]LogMeshUtilities: No automatic skeletal mesh reduction module available
[2017.06.25-12.41.06:819][  0]LogMeshUtilities: No automatic mesh merging module available
[2017.06.25-12.41.07:456][  0]LogNetVersion: GTAsims , NetCL: 3452394, EngineNetVer: 2, GameNetVer: 0 (Checksum: 60064449)
[2017.06.25-12.41.07:525][  0]LogAssetRegistry: FAssetRegistry took 0.0248 seconds to start up
[2017.06.25-12.41.07:564][  0]LogPackageLocalizationCache: Processed 4 localized package path(s) for 1 prioritized culture(s) in 0.013070 seconds
[2017.06.25-12.41.07:569][  0]LogUObjectArray: 34194 objects as part of root set at end of initial load.
[2017.06.25-12.41.07:569][  0]LogUObjectAllocator: 7260424 out of 0 bytes used by permanent object pool.
[2017.06.25-12.41.07:569][  0]LogUObjectArray: CloseDisregardForGC: 0/0 objects in disregard for GC pool
[2017.06.25-12.41.07:644][  0]LogInit: WinSock: version 1.1 (2.2), MaxSocks=32767, MaxUdp=65467
[2017.06.25-12.41.10:675][  0]LogTcpMessaging: Initializing TcpMessaging bridge
[2017.06.25-12.41.10:727][  0]LogUdpMessaging: Initializing bridge on interface 0.0.0.0:0 to multicast group 230.0.0.1:6666.
[2017.06.25-12.41.11:426][  0]LogMaterial: Uniform references updated for custom material expression Custom.
[2017.06.25-12.41.11:944][  0]SourceControl: Info Source control is disabled
[2017.06.25-12.41.11:982][  0]SourceControl: Info Source control is disabled
[2017.06.25-12.41.12:053][  0]SourceControl: Info Source control is disabled
[2017.06.25-12.41.12:123][  0]SourceControl: Info Source control is disabled
[2017.06.25-12.41.13:113][  0]LogAndroidPermission: UAndroidPermissionCallbackProxy::GetInstance
[2017.06.25-12.41.13:929][  0]LogEngine: Initializing Engine...
[2017.06.25-12.41.13:929][  0]LogHMD: Failed to initialize OpenVR with code 110
[2017.06.25-12.41.14:149][  0]LogStats: UGameplayTagsManager::ConstructGameplayTagTree: Construct from data asset -  0.000 s
[2017.06.25-12.41.14:149][  0]LogStats: UGameplayTagsManager::ConstructGameplayTagTree: GameplayTagTreeChangedEvent.Broadcast -  0.000 s
[2017.06.25-12.41.14:327][  0]LogAIModule: Creating AISystem for world Untitled
[2017.06.25-12.41.14:343][  0]LogInit: XAudio2 using 'Głośniki (Urządzenie zgodne ze standardem High Definition Audio)' : 2 channels at 44.1 kHz using 16 bits per sample (channel mask 0x3)
[2017.06.25-12.41.14:357][  0]LogInit: FAudioDevice initialized.
[2017.06.25-12.41.14:416][  0]LogDerivedDataCache: Saved boot cache 0.06s 90MB C:/Users/Maciek/AppData/Local/UnrealEngine/4.16/DerivedDataCache/Boot.ddc.
[2017.06.25-12.41.14:433][  0]LogInit: Texture streaming: Enabled
[2017.06.25-12.41.14:545][  0]LogEngineSessionManager: EngineSessionManager initialized
[2017.06.25-12.41.14:864][  0]LogInit: Transaction tracking system initialized
[2017.06.25-12.41.15:280][  0]BlueprintLog: New page: Editor Load
[2017.06.25-12.41.16:591][  0]LocalizationService: Info Localization service is disabled
[2017.06.25-12.41.17:540][  0]LogConsoleResponse:Display: 
[2017.06.25-12.41.17:692][  0]LogCook:Display: Max memory allowance for cook 16384mb min free memory 0mb
[2017.06.25-12.41.17:692][  0]LogCook:Display: Mobile HDR setting 1
[2017.06.25-12.41.18:414][  0]LogFileCache: Scanning file cache for directory 'D:/Projekty/Unreal Engine/GTAsims 4.15/Content/' took 0.01s
[2017.06.25-12.41.19:125][  0]SourceControl: Info Source control is disabled
[2017.06.25-12.41.19:126][  0]Cmd: MAP LOAD FILE="D:/Projekty/Unreal Engine/GTAsims 4.15/Content/LV1.umap" TEMPLATE=0 SHOWPROGRESS=1 FEATURELEVEL=3
[2017.06.25-12.41.19:145][  0]LightingResults: New page: Lighting Build
[2017.06.25-12.41.19:202][  0]MapCheck: New page: Map Check
[2017.06.25-12.41.19:202][  0]LightingResults: New page: Lighting Build
[2017.06.25-12.41.20:255][  0]LogAIModule: Creating AISystem for world LV1
[2017.06.25-12.41.20:268][  0]LogEditorServer: Finished looking for orphan Actors (0.000 secs)
[2017.06.25-12.41.20:291][  0]Cmd: MAP CHECKDEP NOCLEARLOG
[2017.06.25-12.41.20:422][  0]MapCheck: Info Map check complete: 0 Error(s), 0 Warning(s), took 128.824ms to complete.
[2017.06.25-12.41.20:422][  0]LogFileHelpers: Loading map 'LV1' took 1.297
[2017.06.25-12.41.20:565][  0]LogCollectionManager: Loaded 0 collections in 0.002512 seconds
[2017.06.25-12.41.20:658][  0]LogFileCache: Scanning file cache for directory 'D:/Projekty/Unreal Engine/GTAsims 4.15/Saved/Collections/' took 0.01s
[2017.06.25-12.41.20:658][  0]LogFileCache: Scanning file cache for directory 'D:/Projekty/Unreal Engine/GTAsims 4.15/Content/Developers/Maciek/Collections/' took 0.01s
[2017.06.25-12.41.20:658][  0]LogFileCache: Scanning file cache for directory 'D:/Projekty/Unreal Engine/GTAsims 4.15/Content/Collections/' took 0.01s
[2017.06.25-12.41.20:658][  0]LogCollectionManager: Rebuilt the GUID cache for 0 collections in 0.000002 seconds
[2017.06.25-12.41.20:668][  0]LogContentBrowser: Native class hierarchy populated in 0.0093 seconds. Added 2329 classes and 491 folders.
[2017.06.25-12.41.20:751][  0]LogContentBrowser: Native class hierarchy updated for 'WidgetCarousel' in 0.0007 seconds. Added 0 classes and 0 folders.
[2017.06.25-12.41.20:806][  0]LogContentBrowser: Native class hierarchy updated for 'AddContentDialog' in 0.0005 seconds. Added 0 classes and 0 folders.
[2017.06.25-12.41.20:863][  0]LogContentBrowser: Native class hierarchy updated for 'SceneOutliner' in 0.0005 seconds. Added 1 classes and 2 folders.
[2017.06.25-12.41.20:955][  0]LogCrashTracker: Crashtracker disabled due to settings.
[2017.06.25-12.41.20:977][  0]LogUObjectGlobals:Warning: Failed to find object 'Class None.'
[2017.06.25-12.41.21:073][  0]LogContentBrowser: Native class hierarchy updated for 'HierarchicalLODOutliner' in 0.0006 seconds. Added 1 classes and 2 folders.
[2017.06.25-12.41.21:074][  0]LogLoad: (Engine Initialization) Total time: 22.96 seconds
[2017.06.25-12.41.21:074][  0]LogLoad: (Engine Initialization) Total Blueprint compile time: 0.41 seconds
[2017.06.25-12.41.21:074][  0]LogExternalProfiler: No external profilers were discovered.  External profiling features will not be available.
[2017.06.25-12.41.21:096][  0]LogOcInput: OculusInput pre-init called
[2017.06.25-12.41.21:096][  0]LogHMD: Starting GearVRController plugin
[2017.06.25-12.41.21:115][  0]LogAssetRegistry: Asset discovery search completed in 13.6118 seconds
[2017.06.25-12.41.21:117][  0]LogCollectionManager: Rebuilt the object cache for 0 collections in 0.000001 seconds (found 0 objects)
[2017.06.25-12.41.21:117][  0]LogCollectionManager: Fixed up redirectors for 0 collections in 0.000023 seconds (updated 0 objects)
[2017.06.25-12.41.21:131][  0]LogContentStreaming: Texture pool size now 1000 MB
[2017.06.25-12.41.21:140][  0]LogSlate: Took 0.000224 seconds to synchronously load lazily loaded font '../../../Engine/Content/Slate/Fonts/Roboto-Regular.ttf' (155K)
[2017.06.25-12.41.21:143][  0]LogSlate: Took 0.000279 seconds to synchronously load lazily loaded font '../../../Engine/Content/Slate/Fonts/Roboto-Bold.ttf' (160K)
[2017.06.25-12.41.21:147][  0]LogSlate: Took 0.000220 seconds to synchronously load lazily loaded font '../../../Engine/Content/Editor/Slate/Fonts/FontAwesome.ttf' (139K)
[2017.06.25-12.41.21:261][  0]LogSlate: Took 0.000294 seconds to synchronously load lazily loaded font '../../../Engine/Content/Slate/Fonts/Roboto-Light.ttf' (159K)
[2017.06.25-12.41.21:328][  1]LogRenderer: Reallocating scene render targets to support 1160x564 NumSamples 1 (Frame:1).
[2017.06.25-12.43.01:098][980]LogSlate: Took 0.000233 seconds to synchronously load lazily loaded font '../../../Engine/Content/Slate/Fonts/Roboto-Light.ttf' (159K)
[2017.06.25-12.43.01:537][980]LogContentBrowser: Native class hierarchy updated for 'BlueprintGraph' in 0.0012 seconds. Added 112 classes and 0 folders.
[2017.06.25-12.43.02:141][980]LogSlate: Took 0.000262 seconds to synchronously load lazily loaded font '../../../Engine/Content/Slate/Fonts/Roboto-Regular.ttf' (155K)
[2017.06.25-12.43.02:219][980]LogSlate: Took 0.001151 seconds to synchronously load lazily loaded font '../../../Engine/Content/Editor/Slate/Fonts/Roboto-BoldCondensed.ttf' (158K)
[2017.06.25-12.43.02:477][981]LogSlate: Took 0.001336 seconds to synchronously load lazily loaded font '../../../Engine/Content/Editor/Slate/Fonts/Roboto-Italic.ttf' (157K)
[2017.06.25-12.45.17:667][170]LogRenderer: Reallocating scene render targets to support 1272x576 NumSamples 1 (Frame:5972).
[2017.06.25-12.49.22:458][856]LogLinker: Can't find file '/Game/TENINTERFACE'
[2017.06.25-12.49.22:459][856]LogLinker: Can't find file '/Game/TENINTERFACE'
[2017.06.25-12.49.22:459][856]LogProperty:Warning: ObjectProperty /Script/Engine.MemberReference:MemberParent: unresolved reference to 'BlueprintGeneratedClass'/Game/TENINTERFACE.TENINTERFACE_C',MemberName="Zaptanie_do_broni",MemberGuid=2D0F5D174DDD0D2D58629A97C05AA6AE)'
[2017.06.25-12.49.31:702][856]LogStats: FPlatformStackWalk::StackWalkAndDump -  9.242 s
[2017.06.25-12.49.31:702][856]LogOutputDevice:Error: === Handled ensure: ===
[2017.06.25-12.49.31:702][856]LogOutputDevice:Error: 
[2017.06.25-12.49.31:702][856]LogOutputDevice:Error: Ensure condition failed: EventSignature [File:D:\Build\++UE4+Release-4.16+Compile\Sync\Engine\Source\Editor\BlueprintGraph\Private\EdGraphSchema_K2.cpp] [Line: 5877]
[2017.06.25-12.49.31:702][856]LogOutputDevice:Error: 
[2017.06.25-12.49.31:702][856]LogOutputDevice:Error: Stack: 
[2017.06.25-12.49.31:702][856]LogOutputDevice:Error: UE4Editor-Core.dll!FWindowsPlatformStackWalk::StackWalkAndDump() [d:\build\++ue4+release-4.16+compile\sync\engine\source\runtime\core\private\windows\windowsplatformstackwalk.cpp:200]
[2017.06.25-12.49.31:702][856]LogOutputDevice:Error: UE4Editor-Core.dll!FDebug::EnsureFailed() [d:\build\++ue4+release-4.16+compile\sync\engine\source\runtime\core\private\misc\assertionmacros.cpp:233]
[2017.06.25-12.49.31:702][856]LogOutputDevice:Error: UE4Editor-Core.dll!FDebug::OptionallyLogFormattedEnsureMessageReturningFalse() [d:\build\++ue4+release-4.16+compile\sync\engine\source\runtime\core\private\misc\assertionmacros.cpp:360]
[2017.06.25-12.49.31:702][856]LogOutputDevice:Error: UE4Editor-BlueprintGraph.dll!UEdGraphSchema_K2::CreateSubstituteNode() [d:\build\++ue4+release-4.16+compile\sync\engine\source\editor\blueprintgraph\private\edgraphschema_k2.cpp:5877]
[2017.06.25-12.49.31:702][856]LogOutputDevice:Error: UE4Editor-UnrealEd.dll!FGraphObjectTextFactory::ProcessConstructedObject() [d:\build\++ue4+release-4.16+compile\sync\engine\source\editor\unrealed\private\edgraphutilities.cpp:75]
[2017.06.25-12.49.31:702][856]LogOutputDevice:Error: UE4Editor-UnrealEd.dll!FCustomizableTextObjectFactory::ProcessBuffer() [d:\build\++ue4+release-4.16+compile\sync\engine\source\editor\unrealed\private\factories\editorfactories.cpp:4661]
[2017.06.25-12.49.31:702][856]LogOutputDevice:Error: UE4Editor-UnrealEd.dll!FEdGraphUtilities::ImportNodesFromText() [d:\build\++ue4+release-4.16+compile\sync\engine\source\editor\unrealed\private\edgraphutilities.cpp:414]
[2017.06.25-12.49.31:702][856]LogOutputDevice:Error: UE4Editor-Kismet.dll!FBlueprintEditor::PasteNodesHere() [d:\build\++ue4+release-4.16+compile\sync\engine\source\editor\kismet\private\blueprinteditor.cpp:5871]
[2017.06.25-12.49.31:702][856]LogOutputDevice:Error: UE4Editor-Kismet.dll!FBlueprintEditor::PasteNodes() [d:\build\++ue4+release-4.16+compile\sync\engine\source\editor\kismet\private\blueprinteditor.cpp:5644]
[2017.06.25-12.49.31:702][856]LogOutputDevice:Error: UE4Editor-Kismet.dll!TBaseSPMethodDelegateInstance<0,FBlueprintEditor,0,TTypeWrapper<void> __cdecl(void)>::Execute() [d:\build\++ue4+release-4.16+compile\sync\engine\source\runtime\core\public\delegates\delegateinstancesimpl.h:327]
[2017.06.25-12.49.31:702][856]LogOutputDevice:Error: UE4Editor-Kismet.dll!TBaseSPMethodDelegateInstance<0,FBlueprintEditor,0,void __cdecl(void)>::ExecuteIfSafe() [d:\build\++ue4+release-4.16+compile\sync\engine\source\runtime\core\public\delegates\delegateinstancesimpl.h:434]
[2017.06.25-12.49.31:702][856]LogOutputDevice:Error: UE4Editor-Slate.dll!FUICommandList::ConditionalProcessCommandBindings() [d:\build\++ue4+release-4.16+compile\sync\engine\source\runtime\slate\private\framework\commands\uicommandlist.cpp:216]
[2017.06.25-12.49.31:702][856]LogOutputDevice:Error: UE4Editor-Slate.dll!FUICommandList::ProcessCommandBindings() [d:\build\++ue4+release-4.16+compile\sync\engine\source\runtime\slate\private\framework\commands\uicommandlist.cpp:160]
[2017.06.25-12.49.31:702][856]LogOutputDevice:Error: UE4Editor-GraphEditor.dll!SGraphEditorImpl::OnKeyDown() [d:\build\++ue4+release-4.16+compile\sync\engine\source\editor\grapheditor\private\sgrapheditorimpl.cpp:78]
[2017.06.25-12.49.31:702][856]LogOutputDevice:Error: UE4Editor-Slate.dll!<lambda_2afcd964c763e269e2d1a63f3a72f846>::operator()() [d:\build\++ue4+release-4.16+compile\sync\engine\source\runtime\slate\private\framework\application\slateapplication.cpp:4630]
[2017.06.25-12.49.31:702][856]LogOutputDevice:Error: UE4Editor-Slate.dll!FEventRouter::Route<FReply,FEventRouter::FBubblePolicy,FKeyEvent,<lambda_2afcd964c763e269e2d1a63f3a72f846> >() [d:\build\++ue4+release-4.16+compile\sync\engine\source\runtime\slate\private\framework\application\slateapplication.cpp:239]
[2017.06.25-12.49.31:702][856]LogOutputDevice:Error: UE4Editor-Slate.dll!FEventRouter::RouteAlongFocusPath<FEventRouter::FBubblePolicy,<lambda_2afcd964c763e269e2d1a63f3a72f846>,FKeyEvent>() [d:\build\++ue4+release-4.16+compile\sync\engine\source\runtime\slate\private\framework\application\slateapplication.cpp:221]
[2017.06.25-12.49.31:702][856]LogOutputDevice:Error: UE4Editor-Slate.dll!FSlateApplication::ProcessKeyDownEvent() [d:\build\++ue4+release-4.16+compile\sync\engine\source\runtime\slate\private\framework\application\slateapplication.cpp:4628]
[2017.06.25-12.49.31:702][856]LogOutputDevice:Error: UE4Editor-Slate.dll!FSlateApplication::OnKeyDown() [d:\build\++ue4+release-4.16+compile\sync\engine\source\runtime\slate\private\framework\application\slateapplication.cpp:4541]
[2017.06.25-12.49.31:702][856]LogOutputDevice:Error: UE4Editor-Core.dll!FWindowsApplication::ProcessDeferredMessage() [d:\build\++ue4+release-4.16+compile\sync\engine\source\runtime\core\private\windows\windowsapplication.cpp:1539]
[2017.06.25-12.49.31:702][856]LogOutputDevice:Error: UE4Editor-Core.dll!FWindowsApplication::DeferMessage() [d:\build\++ue4+release-4.16+compile\sync\engine\source\runtime\core\private\windows\windowsapplication.cpp:2127]
[2017.06.25-12.49.31:702][856]LogOutputDevice:Error: UE4Editor-Core.dll!FWindowsApplication::ProcessMessage() [d:\build\++ue4+release-4.16+compile\sync\engine\source\runtime\core\private\windows\windowsapplication.cpp:867]
[2017.06.25-12.49.31:702][856]LogOutputDevice:Error: UE4Editor-Core.dll!FWindowsApplication::AppWndProc() [d:\build\++ue4+release-4.16+compile\sync\engine\source\runtime\core\private\windows\windowsapplication.cpp:714]
[2017.06.25-12.49.31:702][856]LogOutputDevice:Error: USER32.dll!0x0000000000191C24
[2017.06.25-12.49.31:702][856]LogOutputDevice:Error: USER32.dll!0x000000000019156C
[2017.06.25-12.49.31:702][856]LogOutputDevice:Error: UE4Editor-Core.dll!FWindowsPlatformMisc::PumpMessages() [d:\build\++ue4+release-4.16+compile\sync\engine\source\runtime\core\private\windows\windowsplatformmisc.cpp:1009]
[2017.06.25-12.49.31:702][856]LogOutputDevice:Error: UE4Editor.exe!FEngineLoop::Tick() [d:\build\++ue4+release-4.16+compile\sync\engine\source\runtime\launch\private\launchengineloop.cpp:3058]
[2017.06.25-12.49.31:702][856]LogOutputDevice:Error: UE4Editor.exe!GuardedMain() [d:\build\++ue4+release-4.16+compile\sync\engine\source\runtime\launch\private\launch.cpp:166]
[2017.06.25-12.49.31:702][856]LogOutputDevice:Error: UE4Editor.exe!GuardedMainWrapper() [d:\build\++ue4+release-4.16+compile\sync\engine\source\runtime\launch\private\windows\launchwindows.cpp:134]
[2017.06.25-12.49.31:702][856]LogOutputDevice:Error: UE4Editor.exe!WinMain() [d:\build\++ue4+release-4.16+compile\sync\engine\source\runtime\launch\private\windows\launchwindows.cpp:210]
[2017.06.25-12.49.31:702][856]LogOutputDevice:Error: UE4Editor.exe!__scrt_common_main_seh() [f:\dd\vctools\crt\vcstartup\src\startup\exe_common.inl:253]
[2017.06.25-12.49.31:702][856]LogOutputDevice:Error: KERNEL32.DLL!0x00000000FE058364
[2017.06.25-12.49.31:702][856]LogOutputDevice:Error: ntdll.dll!0x00000000003C70D1
[2017.06.25-12.49.31:702][856]LogOutputDevice:Error: 
[2017.06.25-12.49.31:709][856]LogStats:                SubmitErrorReport -  0.000 s
[2017.06.25-12.49.32:589][856]LogStats:                    SendNewReport -  0.879 s
[2017.06.25-12.49.32:589][856]LogStats:             FDebug::EnsureFailed - 10.129 s
[2017.06.25-12.49.32:592][856]LogProperty:Warning: ObjectProperty /Script/Engine.MemberReference:MemberParent: unresolved reference to 'BlueprintGeneratedClass'/Game/TENINTERFACE.TENINTERFACE_C',MemberName="Odpowiedź_od_celownika",MemberGuid=E70D1CB94038C16A3C13AE8FC07AE790)'
[2017.06.25-12.49.32:685][856]LogBlueprint:Warning: [Compiler ] Warning Pasted node  CustomEvent_1   conflicted with  CustomEvent  and was replaced as a Custom Event!
[2017.06.25-12.49.32:707][856]BlueprintEditorCompileResults:Warning: Warning Pasted node  CustomEvent_1   conflicted with  CustomEvent  and was replaced as a Custom Event!
[2017.06.25-12.49.32:715][856]LogSlate: Took 0.001489 seconds to synchronously load lazily loaded font '../../../Engine/Content/Slate/Fonts/Roboto-Light.ttf' (159K)
[2017.06.25-12.50.08:842][639]LogProperty:Warning: ObjectProperty /Script/Engine.MemberReference:MemberParent: unresolved reference to 'BlueprintGeneratedClass'/Game/TENINTERFACE.TENINTERFACE_C',MemberName="Zaptanie_do_broni",MemberGuid=2D0F5D174DDD0D2D58629A97C05AA6AE)'
[2017.06.25-12.50.08:843][639]LogProperty:Warning: ObjectProperty /Script/Engine.MemberReference:MemberParent: unresolved reference to 'BlueprintGeneratedClass'/Game/TENINTERFACE.TENINTERFACE_C',MemberName="Odpowiedź_od_celownika",MemberGuid=E70D1CB94038C16A3C13AE8FC07AE790)'
[2017.06.25-12.50.08:883][639]BlueprintEditorCompileResults:Warning: Warning Pasted node  CustomEvent_1   conflicted with  CustomEvent  and was replaced as a Custom Event!
[2017.06.25-12.51.45:776][446]Cmd: OBJ SAVEPACKAGE PACKAGE="/Game/LV1" FILE="D:/Projekty/Unreal Engine/GTAsims 4.15/Saved/Autosaves/Game/LV1_Auto1.umap" SILENT=true AUTOSAVING=true KEEPDIRTY=false
[2017.06.25-12.51.46:356][446]LogSavePackage: Save=368.59ms
[2017.06.25-12.51.46:356][446]LogSavePackage: Moving 'D:/Projekty/Unreal Engine/GTAsims 4.15/Saved/LV1_Auto13542F02F4F7DBEE251618B8B2C427AE2.tmp' to 'D:/Projekty/Unreal Engine/GTAsims 4.15/Saved/Autosaves/Game/LV1_Auto1.umap'
[2017.06.25-12.51.46:357][446]LogSavePackage:Display: Finished SavePackage D:/Projekty/Unreal Engine/GTAsims 4.15/Saved/Autosaves/Game/LV1_Auto1.umap
[2017.06.25-12.51.46:360][446]LogFileHelpers: Editor autosave (incl. sublevels) for '/Game/LV1' took 0.664
[2017.06.25-12.51.46:360][446]LogFileHelpers: Editor autosave (incl. sublevels) for all levels took 0.664
[2017.06.25-12.51.46:364][446]OBJ SavePackage: Generating thumbnails for [1] asset(s) in package [/Game/Guns/Vz/VZ-actor] ([1] browsable assets)...
[2017.06.25-12.51.46:383][446]OBJ SavePackage:     Rendered thumbnail for [Blueprint /Game/Guns/Vz/VZ-actor.VZ-actor]
[2017.06.25-12.51.46:383][446]OBJ SavePackage: Finished generating thumbnails for package [/Game/Guns/Vz/VZ-actor]
[2017.06.25-12.51.46:383][446]Cmd: OBJ SAVEPACKAGE PACKAGE="/Game/Guns/Vz/VZ-actor" FILE="D:/Projekty/Unreal Engine/GTAsims 4.15/Saved/Autosaves/Game/Guns/Vz/VZ-actor_Auto1.uasset" SILENT=false AUTOSAVING=true
[2017.06.25-12.51.46:571][446]LogSavePackage: Save=168.32ms
[2017.06.25-12.51.46:571][446]LogSavePackage: Moving 'D:/Projekty/Unreal Engine/GTAsims 4.15/Saved/VZ-actor_Auto1A512898F4F16E2CADECF0A89F8C092F4.tmp' to 'D:/Projekty/Unreal Engine/GTAsims 4.15/Saved/Autosaves/Game/Guns/Vz/VZ-actor_Auto1.uasset'
[2017.06.25-12.51.46:572][446]LogSavePackage:Display: Finished SavePackage D:/Projekty/Unreal Engine/GTAsims 4.15/Saved/Autosaves/Game/Guns/Vz/VZ-actor_Auto1.uasset
[2017.06.25-12.51.46:572][446]LogFileHelpers: Auto-saving content packages took 0.210
[2017.06.25-12.53.45:964][665]LogProperty:Warning: ObjectProperty /Script/Engine.MemberReference:MemberParent: unresolved reference to 'BlueprintGeneratedClass'/Game/TENINTERFACE.TENINTERFACE_C',MemberName="Zaptanie_do_broni",MemberGuid=2D0F5D174DDD0D2D58629A97C05AA6AE)'
[2017.06.25-12.53.45:965][665]LogProperty:Warning: ObjectProperty /Script/Engine.MemberReference:MemberParent: unresolved reference to 'BlueprintGeneratedClass'/Game/TENINTERFACE.TENINTERFACE_C',MemberName="Odpowiedź_od_celownika",MemberGuid=E70D1CB94038C16A3C13AE8FC07AE790)'
[2017.06.25-12.53.46:014][665]LogBlueprint:Warning: [CharakterGG] 'Skala' variable not found. Base class was probably changed.
[2017.06.25-12.53.46:014][665]LogBlueprint:Warning: [CharakterGG] 'Skala' variable not found. Base class was probably changed.
[2017.06.25-12.54.29:753][292]BlueprintLog: New page: Compile CharakterGG
[2017.06.25-12.54.29:835][292]LogBlueprint:Error: [Compiler CharakterGG] Error Message node  Invalid Message Node  has an invalid interface.
[2017.06.25-12.54.29:845][292]LogBlueprint:Warning: [Compiler CharakterGG] Warning Could not find a variable named "Skala" in 'CharakterGG_C'.
Make sure 'CharakterGG_C' has been compiled for  Set Skala
[2017.06.25-12.54.29:845][292]LogBlueprint:Error: [Compiler CharakterGG] Error Could not find a function named "Zaptanie_do_broni" in 'CharakterGG'.
Make sure 'CharakterGG' has been compiled for  Invalid Message Node
[2017.06.25-12.54.29:856][292]LogBlueprint:Error: [Compiler CharakterGG] Error The property associated with  Skala  could not be found
[2017.06.25-12.54.30:527][292]BlueprintEditorCompileResults:Error: Error Message node  Invalid Message Node  has an invalid interface.
[2017.06.25-12.54.30:527][292]BlueprintEditorCompileResults:Warning: Warning Could not find a variable named "Skala" in 'CharakterGG_C'.
Make sure 'CharakterGG_C' has been compiled for  Set Skala
[2017.06.25-12.54.30:527][292]BlueprintEditorCompileResults:Error: Error Could not find a function named "Zaptanie_do_broni" in 'CharakterGG'.
Make sure 'CharakterGG' has been compiled for  Invalid Message Node
[2017.06.25-12.54.30:527][292]BlueprintEditorCompileResults:Error: Error The property associated with  Skala  could not be found
[2017.06.25-12.54.30:527][292]LogBlueprint:Warning: [Compiler CharakterGG] Warning [0812.41] Compile of CharakterGG failed. 3 Fatal Issue(s) 1 Warning(s) [in 773 ms] (/Game/CharakterGG.CharakterGG)
[2017.06.25-12.55.22:010][427]BlueprintLog: New page: Compile CharakterGG
[2017.06.25-12.55.57:863][578]BlueprintLog: New page: Compile CharakterGG
[2017.06.25-12.55.59:026][635]Cmd: OBJ SAVEPACKAGE PACKAGE="/Game/CharakterGG" FILE="D:/Projekty/Unreal Engine/GTAsims 4.15/Content/CharakterGG.uasset" SILENT=true
[2017.06.25-12.55.59:393][635]LogSavePackage: Save=354.59ms
[2017.06.25-12.55.59:393][635]LogSavePackage: Moving 'D:/Projekty/Unreal Engine/GTAsims 4.15/Saved/CharakterGGFDF78AC64397DB5D550797A175A442FE.tmp' to 'D:/Projekty/Unreal Engine/GTAsims 4.15/Content/CharakterGG.uasset'
[2017.06.25-12.55.59:395][635]LogSavePackage:Display: Finished SavePackage D:/Projekty/Unreal Engine/GTAsims 4.15/Content/CharakterGG.uasset
[2017.06.25-12.56.01:146][775]LogTemp: Repeting last play command: Selected Viewport
[2017.06.25-12.56.01:380][775]LogBlueprintUserMessages: Early PlayInEditor Detection: Level '/Game/LV1.LV1:PersistentLevel' has LevelScriptBlueprint '/Game/LV1.LV1:PersistentLevel.LV1' with GeneratedClass '/Game/LV1.LV1_C' with ClassGeneratedBy '/Game/LV1.LV1:PersistentLevel.LV1'
[2017.06.25-12.56.01:380][775]LogPlayLevel: PlayLevel: No blueprints needed recompiling
[2017.06.25-12.56.01:380][775]PIE: New page: PIE session: LV1 (Jun 25, 2017, 4:56:01 PM)
[2017.06.25-12.56.01:380][775]LogPlayLevel: Creating play world package: /Game/UEDPIE_0_LV1
[2017.06.25-12.56.01:390][775]LogPlayLevel: PIE: StaticDuplicateObject took: (0.009833s)
[2017.06.25-12.56.01:391][775]LogAIModule: Creating AISystem for world LV1
[2017.06.25-12.56.01:391][775]LogPlayLevel: PIE: World Init took: (0.000975s)
[2017.06.25-12.56.01:391][775]LogPlayLevel: PIE: Created PIE world by copying editor world from /Game/LV1.LV1 to /Game/UEDPIE_0_LV1.LV1 (0.011077s)
[2017.06.25-12.56.01:423][775]LogInit: XAudio2 using 'Głośniki (Urządzenie zgodne ze standardem High Definition Audio)' : 2 channels at 44.1 kHz using 16 bits per sample (channel mask 0x3)
[2017.06.25-12.56.01:435][775]LogInit: FAudioDevice initialized.
[2017.06.25-12.56.01:499][775]LogLoad: Game class is 'MyGamemode_C'
[2017.06.25-12.56.01:502][775]LogWorld: Bringing World /Game/UEDPIE_0_LV1.LV1 up for play (max tick rate 0) at 2017.06.25-14.56.01
[2017.06.25-12.56.01:506][775]LogWorld: Bringing up level for play took: 0.005096
[2017.06.25-12.56.01:507][775]LogSpawn:Warning: SpawnActor failed because no class was specified
[2017.06.25-12.56.01:618][775]LogContentBrowser: Native class hierarchy updated for 'MovieSceneCapture' in 0.0009 seconds. Added 11 classes and 0 folders.
[2017.06.25-12.56.01:618][775]LogGameMode:Display: Match State Changed from EnteringMap to WaitingToStart
[2017.06.25-12.56.01:618][775]LogGameState: Match State Changed from EnteringMap to WaitingToStart
[2017.06.25-12.56.01:618][775]LogGameMode:Display: Match State Changed from WaitingToStart to InProgress
[2017.06.25-12.56.01:624][775]LogGameState: Match State Changed from WaitingToStart to InProgress
[2017.06.25-12.56.01:624][775]PIE: Info Play in editor start time for /Game/UEDPIE_0_LV1 0.651
[2017.06.25-12.56.01:624][775]LogBlueprintUserMessages: Late PlayInEditor Detection: Level '/Game/LV1.LV1:PersistentLevel' has LevelScriptBlueprint '/Game/LV1.LV1:PersistentLevel.LV1' with GeneratedClass '/Game/LV1.LV1_C' with ClassGeneratedBy '/Game/LV1.LV1:PersistentLevel.LV1'
[2017.06.25-12.56.02:313][845]LogScript:Warning: Accessed None trying to read property CallFunc_FinishSpawningActor_ReturnValue
	VZ-actor_C /Game/UEDPIE_0_LV1.LV1:PersistentLevel.VZ-actor_C_0
	Function /Game/Guns/Vz/VZ-actor.VZ-actor_C:ExecuteUbergraph_VZ-actor:0647
[2017.06.25-12.56.02:314][845]PIE:Error: Error Blueprint Runtime Error: Accessed None trying to read property CallFunc_FinishSpawningActor_ReturnValue from function: 'ExecuteUbergraph_VZ-actor' from node: Zapytaj O Ammo in graph: EventGraph in object: VZ-actor with description: Accessed None trying to read property CallFunc_FinishSpawningActor_ReturnValue
[2017.06.25-12.56.02:414][851]LogScript:Warning: Accessed None trying to read property CallFunc_FinishSpawningActor_ReturnValue
	VZ-actor_C /Game/UEDPIE_0_LV1.LV1:PersistentLevel.VZ-actor_C_0
	Function /Game/Guns/Vz/VZ-actor.VZ-actor_C:ExecuteUbergraph_VZ-actor:0647
[2017.06.25-12.56.02:414][851]PIE:Error: Error Blueprint Runtime Error: Accessed None trying to read property CallFunc_FinishSpawningActor_ReturnValue from function: 'ExecuteUbergraph_VZ-actor' from node: Zapytaj O Ammo in graph: EventGraph in object: VZ-actor with description: Accessed None trying to read property CallFunc_FinishSpawningActor_ReturnValue
[2017.06.25-12.56.02:513][857]LogScript:Warning: Accessed None trying to read property CallFunc_FinishSpawningActor_ReturnValue
	VZ-actor_C /Game/UEDPIE_0_LV1.LV1:PersistentLevel.VZ-actor_C_0
	Function /Game/Guns/Vz/VZ-actor.VZ-actor_C:ExecuteUbergraph_VZ-actor:0647
[2017.06.25-12.56.02:513][857]PIE:Error: Error Blueprint Runtime Error: Accessed None trying to read property CallFunc_FinishSpawningActor_ReturnValue from function: 'ExecuteUbergraph_VZ-actor' from node: Zapytaj O Ammo in graph: EventGraph in object: VZ-actor with description: Accessed None trying to read property CallFunc_FinishSpawningActor_ReturnValue
[2017.06.25-12.56.02:614][863]LogScript:Warning: Accessed None trying to read property CallFunc_FinishSpawningActor_ReturnValue
	VZ-actor_C /Game/UEDPIE_0_LV1.LV1:PersistentLevel.VZ-actor_C_0
	Function /Game/Guns/Vz/VZ-actor.VZ-actor_C:ExecuteUbergraph_VZ-actor:0647
[2017.06.25-12.56.02:614][863]PIE:Error: Error Blueprint Runtime Error: Accessed None trying to read property CallFunc_FinishSpawningActor_ReturnValue from function: 'ExecuteUbergraph_VZ-actor' from node: Zapytaj O Ammo in graph: EventGraph in object: VZ-actor with description: Accessed None trying to read property CallFunc_FinishSpawningActor_ReturnValue
[2017.06.25-12.56.02:713][869]LogScript:Warning: Accessed None trying to read property CallFunc_FinishSpawningActor_ReturnValue
	VZ-actor_C /Game/UEDPIE_0_LV1.LV1:PersistentLevel.VZ-actor_C_0
	Function /Game/Guns/Vz/VZ-actor.VZ-actor_C:ExecuteUbergraph_VZ-actor:0647
[2017.06.25-12.56.02:714][869]PIE:Error: Error Blueprint Runtime Error: Accessed None trying to read property CallFunc_FinishSpawningActor_ReturnValue from function: 'ExecuteUbergraph_VZ-actor' from node: Zapytaj O Ammo in graph: EventGraph in object: VZ-actor with description: Accessed None trying to read property CallFunc_FinishSpawningActor_ReturnValue
[2017.06.25-12.56.03:130][894]LogBlueprintUserMessages: [VZ-actor_C_0] Nope
[2017.06.25-12.56.06:247][ 81]LogScript:Warning: Attempted to access VZ-actor_C_0 via property Aktualnie_wybrany_przedmiot, but VZ-actor_C_0 is pending kill
	VZ-actor_C /Game/UEDPIE_0_LV1.LV1:PersistentLevel.VZ-actor_C_1
	Function /Game/Guns/Vz/VZ-actor.VZ-actor_C:ExecuteUbergraph_VZ-actor:1065
[2017.06.25-12.56.06:247][ 81]LogScript:Warning: Attempted to access VZ-actor_C_0 via property Aktualnie_wybrany_przedmiot, but VZ-actor_C_0 is pending kill
	VZ-actor_C /Game/UEDPIE_0_LV1.LV1:PersistentLevel.VZ-actor_C_1
	Function /Game/Guns/Vz/VZ-actor.VZ-actor_C:ExecuteUbergraph_VZ-actor:10A3
[2017.06.25-12.56.07:814][175]LogScript:Warning: Accessed None trying to read property Magazine Reference
	VZ-actor_C /Game/UEDPIE_0_LV1.LV1:PersistentLevel.VZ-actor_C_2
	Function /Game/Guns/Vz/VZ-actor.VZ-actor_C:ExecuteUbergraph_VZ-actor:039D
[2017.06.25-12.56.07:814][175]PIE:Error: Error Blueprint Runtime Error: Accessed None trying to read property Magazine Reference from function: 'ExecuteUbergraph_VZ-actor' from node: DestroyActor in graph: EventGraph in object: VZ-actor with description: Accessed None trying to read property Magazine Reference
[2017.06.25-12.56.16:682][707]LogBlueprintUserMessages: Early EndPlayMap Detection: Level '/Game/LV1.LV1:PersistentLevel' has LevelScriptBlueprint '/Game/LV1.LV1:PersistentLevel.LV1' with GeneratedClass '/Game/LV1.LV1_C' with ClassGeneratedBy '/Game/LV1.LV1:PersistentLevel.LV1'
[2017.06.25-12.56.16:720][707]LogBlueprintUserMessages: Late EndPlayMap Detection: Level '/Game/LV1.LV1:PersistentLevel' has LevelScriptBlueprint '/Game/LV1.LV1:PersistentLevel.LV1' with GeneratedClass '/Game/LV1.LV1_C' with ClassGeneratedBy '/Game/LV1.LV1:PersistentLevel.LV1'
[2017.06.25-13.02.01:416][384]Cmd: OBJ SAVEPACKAGE PACKAGE="/Game/LV1" FILE="D:/Projekty/Unreal Engine/GTAsims 4.15/Saved/Autosaves/Game/LV1_Auto2.umap" SILENT=true AUTOSAVING=true KEEPDIRTY=false
[2017.06.25-13.02.01:588][384]LogSavePackage: Save=158.40ms
[2017.06.25-13.02.01:588][384]LogSavePackage: Moving 'D:/Projekty/Unreal Engine/GTAsims 4.15/Saved/LV1_Auto23A26E5BB436796887179B0AB7871BF6D.tmp' to 'D:/Projekty/Unreal Engine/GTAsims 4.15/Saved/Autosaves/Game/LV1_Auto2.umap'
[2017.06.25-13.02.01:589][384]LogSavePackage:Display: Finished SavePackage D:/Projekty/Unreal Engine/GTAsims 4.15/Saved/Autosaves/Game/LV1_Auto2.umap
[2017.06.25-13.02.01:590][384]LogFileHelpers: Editor autosave (incl. sublevels) for '/Game/LV1' took 0.195
[2017.06.25-13.02.01:590][384]LogFileHelpers: Editor autosave (incl. sublevels) for all levels took 0.195
[2017.06.25-13.02.01:592][384]OBJ SavePackage: Generating thumbnails for [1] asset(s) in package [/Game/Guns/Vz/VZ-actor] ([1] browsable assets)...
[2017.06.25-13.02.01:606][384]OBJ SavePackage:     Rendered thumbnail for [Blueprint /Game/Guns/Vz/VZ-actor.VZ-actor]
[2017.06.25-13.02.01:606][384]OBJ SavePackage: Finished generating thumbnails for package [/Game/Guns/Vz/VZ-actor]
[2017.06.25-13.02.01:606][384]Cmd: OBJ SAVEPACKAGE PACKAGE="/Game/Guns/Vz/VZ-actor" FILE="D:/Projekty/Unreal Engine/GTAsims 4.15/Saved/Autosaves/Game/Guns/Vz/VZ-actor_Auto2.uasset" SILENT=false AUTOSAVING=true
[2017.06.25-13.02.01:773][384]LogSavePackage: Save=152.85ms
[2017.06.25-13.02.01:773][384]LogSavePackage: Moving 'D:/Projekty/Unreal Engine/GTAsims 4.15/Saved/VZ-actor_Auto28BB6F5AD43D15DF15986E4B05907E455.tmp' to 'D:/Projekty/Unreal Engine/GTAsims 4.15/Saved/Autosaves/Game/Guns/Vz/VZ-actor_Auto2.uasset'
[2017.06.25-13.02.01:775][384]LogSavePackage:Display: Finished SavePackage D:/Projekty/Unreal Engine/GTAsims 4.15/Saved/Autosaves/Game/Guns/Vz/VZ-actor_Auto2.uasset
[2017.06.25-13.02.01:775][384]LogFileHelpers: Auto-saving content packages took 0.184
