Log file open, 06/24/17 20:26:28
LogInit:Display: Running engine for game: GTAsims
LogPlatformFile: Not using cached read wrapper
LogInit:Display: RandInit(-413259915) SRandInit(-413259915).
LogTaskGraph: Started task graph with 5 named threads and 8 total threads with 1 sets of task threads.
LogStats: Stats thread started at 0.367968
LogInit: Using libcurl 7.47.1
LogInit:  - built for x86_64-pc-win32
LogInit:  - supports SSL with OpenSSL/1.0.2g
LogInit:  - supports HTTP deflate (compression) using libz 1.2.8
LogInit:  - other features:
LogInit:      CURL_VERSION_SSL
LogInit:      CURL_VERSION_LIBZ
LogInit:      CURL_VERSION_IPV6
LogInit:      CURL_VERSION_ASYNCHDNS
LogInit:      CURL_VERSION_LARGEFILE
LogInit:      CURL_VERSION_IDN
LogInit:  CurlRequestOptions (configurable via config and command line):
LogInit:  - bVerifyPeer = false  - Libcurl will NOT verify peer certificate
LogInit:  - bUseHttpProxy = false  - Libcurl will NOT use HTTP proxy
LogInit:  - bDontReuseConnections = false  - Libcurl will reuse connections
LogInit:  - CertBundlePath = nullptr  - Libcurl will use whatever was configured at build time.
LogInit: Build: ++UE4+Release-4.16-CL-3466753
LogInit: Engine Version: 4.16.1-3466753+++UE4+Release-4.16
LogInit: Compatible Engine Version: 4.16.0-3452394+++UE4+Release-4.16
LogInit: Net CL: 3452394
LogDevObjectVersion: Number of dev versions registered: 16
LogDevObjectVersion:   Dev-Blueprints (B0D832E4-1F89-4F0D-ACCF-7EB736FD4AA2): 9
LogDevObjectVersion:   Dev-Build (E1C64328-A22C-4D53-A36C-8E866417BD8C): 0
LogDevObjectVersion:   Dev-Core (375EC13C-06E4-48FB-B500-84F0262A717E): 2
LogDevObjectVersion:   Dev-Editor (E4B068ED-F494-42E9-A231-DA0B2E46BB41): 17
LogDevObjectVersion:   Dev-Framework (CFFC743F-43B0-4480-9391-14DF171D2073): 23
LogDevObjectVersion:   Dev-Mobile (B02B49B5-BB20-44E9-A304-32B752E40360): 0
LogDevObjectVersion:   Dev-Networking (A4E4105C-59A1-49B5-A7C5-40C4547EDFEE): 0
LogDevObjectVersion:   Dev-Online (39C831C9-5AE6-47DC-9A44-9C173E1C8E7C): 0
LogDevObjectVersion:   Dev-Physics (78F01B33-EBEA-4F98-B9B4-84EACCB95AA2): 0
LogDevObjectVersion:   Dev-Platform (6631380F-2D4D-43E0-8009-CF276956A95A): 0
LogDevObjectVersion:   Dev-Rendering (12F88B9F-8875-4AFC-A67C-D90C383ABD29): 15
LogDevObjectVersion:   Dev-Sequencer (7B5AE74C-D270-4C10-A958-57980B212A5A): 4
LogDevObjectVersion:   Dev-VR (D7296918-1DD6-4BDD-9DE2-64A83CC13884): 0
LogDevObjectVersion:   Dev-LoadTimes (C2A15278-BFE7-4AFE-6C17-90FF531DF755): 1
LogDevObjectVersion:   Private-Geometry (6EACA3D4-40EC-4CC1-B786-8BED09428FC5): 1
LogDevObjectVersion:   Dev-AnimPhys (29E575DD-E0A3-4627-9D10-D276232CDCEA): 3
LogInit: Compiled (64-bit): May 31 2017 02:03:30
LogInit: Compiled with Visual C++: 19.00.24215.01
LogInit: Build Configuration: Development
LogInit: Branch Name: ++UE4+Release-4.16
LogInit: Command line:  
LogInit: Base directory: C:/Program Files/Epic Games/UE_4.16/Engine/Binaries/Win64/
LogInit: Installed Engine Build: 1
LogInit: Presizing for max 8388607 objects, including 0 objects not considered by GC, pre-allocating 0 bytes for permanent pool.
LogInit: Object subsystem initialized
[2017.06.24-18.26.29:181][  0]LogInit: Selected Device Profile: [Windows]
[2017.06.24-18.26.29:181][  0]LogInit: Applying CVar settings loaded from the selected device profile: [Windows]
[2017.06.24-18.26.29:204][  0]LogInit: Computer: DESKTOP-A4GNOHH
[2017.06.24-18.26.29:204][  0]LogInit: User: Maciek
[2017.06.24-18.26.29:204][  0]LogInit: CPU Page size=4096, Cores=4
[2017.06.24-18.26.29:204][  0]LogInit: High frequency timer resolution =3.417963 MHz
[2017.06.24-18.26.29:204][  0]LogMemory: Memory total: Physical=8.0GB (8GB approx)
[2017.06.24-18.26.29:204][  0]LogMemory: Platform Memory Stats for Windows
[2017.06.24-18.26.29:204][  0]LogMemory: Process Physical Memory: 273.44 MB used, 273.44 MB peak
[2017.06.24-18.26.29:204][  0]LogMemory: Process Virtual Memory: 266.80 MB used, 266.80 MB peak
[2017.06.24-18.26.29:204][  0]LogMemory: Physical Memory: 3621.41 MB used,  4521.68 MB free, 8143.09 MB total
[2017.06.24-18.26.29:204][  0]LogMemory: Virtual Memory: 643.46 MB used,  4521.68 MB free, 134217728.00 MB total
[2017.06.24-18.26.29:481][  0]LogInit: Using OS detected language (pl-PL).
[2017.06.24-18.26.29:481][  0]LogInit: Using OS detected locale (pl-PL).
[2017.06.24-18.26.29:491][  0]LogTextLocalizationManager: No localization for 'pl-PL' exists, so 'en' will be used for the language.
[2017.06.24-18.26.29:492][  0]LogTextLocalizationManager: No localization for 'pl-PL' exists, so 'en' will be used for the locale.
[2017.06.24-18.26.30:597][  0]LogD3D11RHI: D3D11 adapters:
[2017.06.24-18.26.31:165][  0]LogD3D11RHI:    0. 'NVIDIA GeForce GTX 960' (Feature Level 11_0)
[2017.06.24-18.26.31:165][  0]LogD3D11RHI:       2016/0/4071 MB DedicatedVideo/DedicatedSystem/SharedSystem, Outputs:2, VendorId:0x10de
[2017.06.24-18.26.31:166][  0]LogD3D11RHI:    1. 'Microsoft Basic Render Driver' (Feature Level 11_0)
[2017.06.24-18.26.31:166][  0]LogD3D11RHI:       0/0/4071 MB DedicatedVideo/DedicatedSystem/SharedSystem, Outputs:0, VendorId:0x1414
[2017.06.24-18.26.31:166][  0]LogD3D11RHI: Chosen D3D11 Adapter: 0
[2017.06.24-18.26.31:169][  0]LogD3D11RHI: Creating new Direct3DDevice
[2017.06.24-18.26.31:169][  0]LogD3D11RHI:     GPU DeviceId: 0x1401 (for the marketing name, search the web for "GPU Device Id")
[2017.06.24-18.26.31:169][  0]LogWindows: EnumDisplayDevices:
[2017.06.24-18.26.31:170][  0]LogWindows:    0. 'NVIDIA GeForce GTX 960' (P:1 D:1)
[2017.06.24-18.26.31:170][  0]LogWindows:    1. 'NVIDIA GeForce GTX 960' (P:0 D:1)
[2017.06.24-18.26.31:170][  0]LogWindows:    2. 'NVIDIA GeForce GTX 960' (P:0 D:0)
[2017.06.24-18.26.31:170][  0]LogWindows:    3. 'NVIDIA GeForce GTX 960' (P:0 D:0)
[2017.06.24-18.26.31:170][  0]LogWindows: DebugString: FoundDriverCount:4 
[2017.06.24-18.26.31:170][  0]LogD3D11RHI:     Adapter Name: NVIDIA GeForce GTX 960
[2017.06.24-18.26.31:170][  0]LogD3D11RHI:   Driver Version: 382.33 (internal:22.21.13.8233, unified:382.33)
[2017.06.24-18.26.31:170][  0]LogD3D11RHI:      Driver Date: 5-17-2017
[2017.06.24-18.26.31:170][  0]LogRHI: Texture pool is 1361 MB (70% of 1945 MB)
[2017.06.24-18.26.31:718][  0]LogD3D11RHI: Async texture creation enabled
[2017.06.24-18.26.31:756][  0]LogD3D11RHI: GPU Timing Frequency: 1000.000000 (Debug: 2 1)
[2017.06.24-18.26.31:808][  0]LogD3D11RHI: HDR output is supported on display 1 (NvId: 0x80061083).
[2017.06.24-18.26.31:809][  0]LogShaderCompilers: Guid format shader working directory is 9 characters bigger than the processId version (D:/Projekty/Unreal Engine/GTAsims 4.15/Intermediate/Shaders/WorkingDirectory/9264/).
[2017.06.24-18.26.31:809][  0]LogShaderCompilers: Cleaned the shader compiler working directory 'C:/Users/Maciek/AppData/Local/Temp/UnrealShaderWorkingDir/A102A41F40349AADE695D4A72E7D673D/'.
[2017.06.24-18.26.31:810][  0]LogShaderCompilers:Display: Using Local Shader Compiler.
[2017.06.24-18.26.33:763][  0]LogTemp:Display: Loaded TP AllDesktopTargetPlatform
[2017.06.24-18.26.33:829][  0]LogTemp:Display: Loaded TP MacClientTargetPlatform
[2017.06.24-18.26.33:896][  0]LogTemp:Display: Loaded TP MacNoEditorTargetPlatform
[2017.06.24-18.26.33:962][  0]LogTemp:Display: Loaded TP MacServerTargetPlatform
[2017.06.24-18.26.34:034][  0]LogTemp:Display: Loaded TP MacTargetPlatform
[2017.06.24-18.26.34:109][  0]LogTemp:Display: Loaded TP WindowsClientTargetPlatform
[2017.06.24-18.26.34:183][  0]LogTemp:Display: Loaded TP WindowsNoEditorTargetPlatform
[2017.06.24-18.26.34:253][  0]LogTemp:Display: Loaded TP WindowsServerTargetPlatform
[2017.06.24-18.26.34:322][  0]LogTemp:Display: Loaded TP WindowsTargetPlatform
[2017.06.24-18.26.34:391][  0]LogTemp:Display: Loaded TP AndroidTargetPlatform
[2017.06.24-18.26.34:462][  0]LogTemp:Display: Loaded TP Android_ASTCTargetPlatform
[2017.06.24-18.26.34:533][  0]LogTemp:Display: Loaded TP Android_ATCTargetPlatform
[2017.06.24-18.26.34:603][  0]LogTemp:Display: Loaded TP Android_DXTTargetPlatform
[2017.06.24-18.26.34:673][  0]LogTemp:Display: Loaded TP Android_ETC1TargetPlatform
[2017.06.24-18.26.34:743][  0]LogTemp:Display: Loaded TP Android_ETC2TargetPlatform
[2017.06.24-18.26.34:882][  0]LogTemp:Display: Loaded TP Android_MultiTargetPlatform
[2017.06.24-18.26.34:882][  0]LogTemp:Display: Loaded TP Android_PVRTCTargetPlatform
[2017.06.24-18.26.34:942][  0]LogTemp:Display: Loaded TP HTML5TargetPlatform
[2017.06.24-18.26.35:071][  0]LogTemp:Display: Loaded TP IOSTargetPlatform
[2017.06.24-18.26.35:111][  0]LogTemp:Display: Loaded TP TVOSTargetPlatform
[2017.06.24-18.26.35:179][  0]LogTemp:Display: Loaded TP LinuxClientTargetPlatform
[2017.06.24-18.26.35:246][  0]LogTemp:Display: Loaded TP LinuxNoEditorTargetPlatform
[2017.06.24-18.26.35:315][  0]LogTemp:Display: Loaded TP LinuxServerTargetPlatform
[2017.06.24-18.26.35:384][  0]LogTemp:Display: Loaded TP LinuxTargetPlatform
[2017.06.24-18.26.35:385][  0]LogTargetPlatformManager:Display: Building Assets For Windows
[2017.06.24-18.26.36:240][  0]LogDerivedDataCache:Display: Max Cache Size: 512 MB
[2017.06.24-18.26.36:582][  0]LogDerivedDataCache: Loaded boot cache 0.34s 90MB C:/Users/Maciek/AppData/Local/UnrealEngine/4.16/DerivedDataCache/Boot.ddc.
[2017.06.24-18.26.36:582][  0]LogDerivedDataCache:Display: Loaded Boot cache: C:/Users/Maciek/AppData/Local/UnrealEngine/4.16/DerivedDataCache/Boot.ddc
[2017.06.24-18.26.36:582][  0]LogDerivedDataCache: FDerivedDataBackendGraph:  Pak pak cache file D:/Projekty/Unreal Engine/GTAsims 4.15/DerivedDataCache/DDC.ddp not found, will not use a pak cache.
[2017.06.24-18.26.36:582][  0]LogDerivedDataCache: Unable to find inner node Pak for hierarchical cache Hierarchy.
[2017.06.24-18.26.36:582][  0]LogDerivedDataCache: FDerivedDataBackendGraph:  CompressedPak pak cache file D:/Projekty/Unreal Engine/GTAsims 4.15/DerivedDataCache/Compressed.ddp not found, will not use a pak cache.
[2017.06.24-18.26.36:582][  0]LogDerivedDataCache: Unable to find inner node CompressedPak for hierarchical cache Hierarchy.
[2017.06.24-18.26.36:602][  0]LogDerivedDataCache:Display: Pak cache opened for reading ../../../Engine/DerivedDataCache/Compressed.ddp.
[2017.06.24-18.26.36:616][  0]LogDerivedDataCache: Using Local data cache path C:/Users/Maciek/AppData/Local/UnrealEngine/Common/DerivedDataCache: Writable
[2017.06.24-18.26.36:628][  0]LogMaterial: Verifying Global Shaders for PCD3D_SM5
[2017.06.24-18.26.36:630][  0]LogSlate: Using Freetype 2.6.0
[2017.06.24-18.26.36:632][  0]LogSlate: SlateFontCache - WITH_FREETYPE: 1, WITH_HARFBUZZ: 1
[2017.06.24-18.26.36:632][  0]LogSlate: SlateFontCache - WITH_FREETYPE: 1, WITH_HARFBUZZ: 1
[2017.06.24-18.26.37:238][  0]LogInit: Selected Device Profile: [Windows]
[2017.06.24-18.26.37:362][  0]LogContentStreaming: Texture pool size is 0.00 MB
[2017.06.24-18.26.37:617][  0]LogMeshUtilities: Using QuadricMeshReduction for automatic static mesh reduction
[2017.06.24-18.26.37:685][  0]LogSimplygon: Simplygon DLL not present - disabling.
[2017.06.24-18.26.37:761][  0]LogMeshUtilities: Using SimplygonSwarm for distributed automatic mesh merging
[2017.06.24-18.26.37:761][  0]LogMeshUtilities: No automatic skeletal mesh reduction module available
[2017.06.24-18.26.37:761][  0]LogMeshUtilities: No automatic mesh merging module available
[2017.06.24-18.26.38:552][  0]LogNetVersion: GTAsims , NetCL: 3452394, EngineNetVer: 2, GameNetVer: 0 (Checksum: 60064449)
[2017.06.24-18.26.38:629][  0]LogAssetRegistry: FAssetRegistry took 0.0260 seconds to start up
[2017.06.24-18.26.38:679][  0]LogPackageLocalizationCache: Processed 4 localized package path(s) for 1 prioritized culture(s) in 0.025896 seconds
[2017.06.24-18.26.38:684][  0]LogUObjectArray: 34194 objects as part of root set at end of initial load.
[2017.06.24-18.26.38:684][  0]LogUObjectAllocator: 7260424 out of 0 bytes used by permanent object pool.
[2017.06.24-18.26.38:684][  0]LogUObjectArray: CloseDisregardForGC: 0/0 objects in disregard for GC pool
[2017.06.24-18.26.38:768][  0]LogInit: WinSock: version 1.1 (2.2), MaxSocks=32767, MaxUdp=65467
[2017.06.24-18.26.42:591][  0]LogTcpMessaging: Initializing TcpMessaging bridge
[2017.06.24-18.26.42:648][  0]LogUdpMessaging: Initializing bridge on interface 0.0.0.0:0 to multicast group 230.0.0.1:6666.
[2017.06.24-18.26.43:497][  0]LogMaterial: Uniform references updated for custom material expression Custom.
[2017.06.24-18.26.44:034][  0]SourceControl: Info Source control is disabled
[2017.06.24-18.26.44:035][  0]SourceControl: Info Source control is disabled
[2017.06.24-18.26.44:121][  0]SourceControl: Info Source control is disabled
[2017.06.24-18.26.44:202][  0]SourceControl: Info Source control is disabled
[2017.06.24-18.26.45:291][  0]LogAndroidPermission: UAndroidPermissionCallbackProxy::GetInstance
[2017.06.24-18.26.46:167][  0]LogEngine: Initializing Engine...
[2017.06.24-18.26.46:168][  0]LogHMD: Failed to initialize OpenVR with code 110
[2017.06.24-18.26.46:401][  0]LogStats: UGameplayTagsManager::ConstructGameplayTagTree: Construct from data asset -  0.000 s
[2017.06.24-18.26.46:401][  0]LogStats: UGameplayTagsManager::ConstructGameplayTagTree: GameplayTagTreeChangedEvent.Broadcast -  0.000 s
[2017.06.24-18.26.46:580][  0]LogAIModule: Creating AISystem for world Untitled
[2017.06.24-18.26.46:599][  0]LogInit: XAudio2 using 'Głośniki (Urządzenie zgodne ze standardem High Definition Audio)' : 2 channels at 44.1 kHz using 16 bits per sample (channel mask 0x3)
[2017.06.24-18.26.46:614][  0]LogInit: FAudioDevice initialized.
[2017.06.24-18.26.46:667][  0]LogDerivedDataCache: Saved boot cache 0.05s 90MB C:/Users/Maciek/AppData/Local/UnrealEngine/4.16/DerivedDataCache/Boot.ddc.
[2017.06.24-18.26.46:685][  0]LogInit: Texture streaming: Enabled
[2017.06.24-18.26.46:819][  0]LogEngineSessionManager: EngineSessionManager initialized
[2017.06.24-18.26.46:819][  0]LogEngineSessionManager: EngineSessionManager sent abnormal shutdown report. Type=AbnormalShutdown, SessionId={B8ED2FBA-4577-DA5A-1FED-5F9096FA5E9B}
[2017.06.24-18.26.47:173][  0]LogInit: Transaction tracking system initialized
[2017.06.24-18.26.47:608][  0]BlueprintLog: New page: Editor Load
[2017.06.24-18.26.49:015][  0]LocalizationService: Info Localization service is disabled
[2017.06.24-18.26.50:031][  0]LogConsoleResponse:Display: 
[2017.06.24-18.26.50:258][  0]LogCook:Display: Max memory allowance for cook 16384mb min free memory 0mb
[2017.06.24-18.26.50:258][  0]LogCook:Display: Mobile HDR setting 1
[2017.06.24-18.26.51:017][  0]LogFileCache: Scanning file cache for directory 'D:/Projekty/Unreal Engine/GTAsims 4.15/Content/' took 0.01s
[2017.06.24-18.26.51:780][  0]SourceControl: Info Source control is disabled
[2017.06.24-18.26.51:781][  0]Cmd: MAP LOAD FILE="D:/Projekty/Unreal Engine/GTAsims 4.15/Content/LV1.umap" TEMPLATE=0 SHOWPROGRESS=1 FEATURELEVEL=3
[2017.06.24-18.26.51:806][  0]LightingResults: New page: Lighting Build
[2017.06.24-18.26.51:862][  0]MapCheck: New page: Map Check
[2017.06.24-18.26.51:862][  0]LightingResults: New page: Lighting Build
[2017.06.24-18.26.53:106][  0]LogAIModule: Creating AISystem for world LV1
[2017.06.24-18.26.53:122][  0]LogEditorServer: Finished looking for orphan Actors (0.000 secs)
[2017.06.24-18.26.53:144][  0]Cmd: MAP CHECKDEP NOCLEARLOG
[2017.06.24-18.26.53:229][  0]MapCheck: Info Map check complete: 0 Error(s), 0 Warning(s), took 84.991ms to complete.
[2017.06.24-18.26.53:229][  0]LogFileHelpers: Loading map 'LV1' took 1.449
[2017.06.24-18.26.53:405][  0]LogCollectionManager: Loaded 0 collections in 0.002753 seconds
[2017.06.24-18.26.53:503][  0]LogFileCache: Scanning file cache for directory 'D:/Projekty/Unreal Engine/GTAsims 4.15/Saved/Collections/' took 0.01s
[2017.06.24-18.26.53:503][  0]LogFileCache: Scanning file cache for directory 'D:/Projekty/Unreal Engine/GTAsims 4.15/Content/Developers/Maciek/Collections/' took 0.01s
[2017.06.24-18.26.53:503][  0]LogFileCache: Scanning file cache for directory 'D:/Projekty/Unreal Engine/GTAsims 4.15/Content/Collections/' took 0.01s
[2017.06.24-18.26.53:503][  0]LogCollectionManager: Rebuilt the GUID cache for 0 collections in 0.000003 seconds
[2017.06.24-18.26.53:512][  0]LogContentBrowser: Native class hierarchy populated in 0.0092 seconds. Added 2329 classes and 491 folders.
[2017.06.24-18.26.53:596][  0]LogContentBrowser: Native class hierarchy updated for 'WidgetCarousel' in 0.0005 seconds. Added 0 classes and 0 folders.
[2017.06.24-18.26.53:721][  0]LogContentBrowser: Native class hierarchy updated for 'AddContentDialog' in 0.0005 seconds. Added 0 classes and 0 folders.
[2017.06.24-18.26.53:796][  0]LogContentBrowser: Native class hierarchy updated for 'SceneOutliner' in 0.0006 seconds. Added 1 classes and 2 folders.
[2017.06.24-18.26.53:935][  0]LogCrashTracker: Crashtracker disabled due to settings.
[2017.06.24-18.26.53:955][  0]LogSlate: Took 0.001367 seconds to synchronously load lazily loaded font '../../../Engine/Content/Slate/Fonts/Roboto-Regular.ttf' (155K)
[2017.06.24-18.26.53:958][  0]LogSlate: Took 0.001218 seconds to synchronously load lazily loaded font '../../../Engine/Content/Slate/Fonts/Roboto-Bold.ttf' (160K)
[2017.06.24-18.26.53:965][  0]LogSlate: Took 0.000986 seconds to synchronously load lazily loaded font '../../../Engine/Content/Editor/Slate/Fonts/FontAwesome.ttf' (139K)
[2017.06.24-18.26.54:070][  0]LogRenderer: Reallocating scene render targets to support 1272x576 NumSamples 1 (Frame:1).
[2017.06.24-18.26.54:142][  0]LogSlate: Took 0.001255 seconds to synchronously load lazily loaded font '../../../Engine/Content/Slate/Fonts/Roboto-Light.ttf' (159K)
[2017.06.24-18.26.54:230][  0]LogUObjectGlobals:Warning: Failed to find object 'Class None.'
[2017.06.24-18.26.54:319][  0]LogContentBrowser: Native class hierarchy updated for 'HierarchicalLODOutliner' in 0.0005 seconds. Added 1 classes and 2 folders.
[2017.06.24-18.26.54:319][  0]LogLoad: (Engine Initialization) Total time: 28.10 seconds
[2017.06.24-18.26.54:319][  0]LogLoad: (Engine Initialization) Total Blueprint compile time: 0.39 seconds
[2017.06.24-18.26.54:319][  0]LogExternalProfiler: No external profilers were discovered.  External profiling features will not be available.
[2017.06.24-18.26.54:344][  0]LogOcInput: OculusInput pre-init called
[2017.06.24-18.26.54:344][  0]LogHMD: Starting GearVRController plugin
[2017.06.24-18.26.54:374][  0]LogContentStreaming: Texture pool size now 1000 MB
[2017.06.24-18.26.54:429][  1]LogAssetRegistry: Asset discovery search completed in 15.8219 seconds
[2017.06.24-18.26.54:431][  1]LogCollectionManager: Rebuilt the object cache for 0 collections in 0.000001 seconds (found 0 objects)
[2017.06.24-18.26.54:431][  1]LogCollectionManager: Fixed up redirectors for 0 collections in 0.000092 seconds (updated 0 objects)
[2017.06.24-22.08.17:029][ 18]LogD3D11RHI: Timed out while waiting for GPU to catch up. (500 ms)
