Log file open, 06/22/17 16:17:00
LogInit:Display: Running engine for game: GTAsims
LogPlatformFile: Not using cached read wrapper
LogInit:Display: RandInit(528859225) SRandInit(528859225).
LogTaskGraph: Started task graph with 5 named threads and 8 total threads with 1 sets of task threads.
LogStats: Stats thread started at 0.353442
LogInit: Using libcurl 7.47.1
LogInit:  - built for x86_64-pc-win32
LogInit:  - supports SSL with OpenSSL/1.0.2g
LogInit:  - supports HTTP deflate (compression) using libz 1.2.8
LogInit:  - other features:
LogInit:      CURL_VERSION_SSL
LogInit:      CURL_VERSION_LIBZ
LogInit:      CURL_VERSION_IPV6
LogInit:      CURL_VERSION_ASYNCHDNS
LogInit:      CURL_VERSION_LARGEFILE
LogInit:      CURL_VERSION_IDN
LogInit:  CurlRequestOptions (configurable via config and command line):
LogInit:  - bVerifyPeer = false  - Libcurl will NOT verify peer certificate
LogInit:  - bUseHttpProxy = false  - Libcurl will NOT use HTTP proxy
LogInit:  - bDontReuseConnections = false  - Libcurl will reuse connections
LogInit:  - CertBundlePath = nullptr  - Libcurl will use whatever was configured at build time.
LogInit: Build: ++UE4+Release-4.16-CL-3466753
LogInit: Engine Version: 4.16.1-3466753+++UE4+Release-4.16
LogInit: Compatible Engine Version: 4.16.0-3452394+++UE4+Release-4.16
LogInit: Net CL: 3452394
LogDevObjectVersion: Number of dev versions registered: 16
LogDevObjectVersion:   Dev-Blueprints (B0D832E4-1F89-4F0D-ACCF-7EB736FD4AA2): 9
LogDevObjectVersion:   Dev-Build (E1C64328-A22C-4D53-A36C-8E866417BD8C): 0
LogDevObjectVersion:   Dev-Core (375EC13C-06E4-48FB-B500-84F0262A717E): 2
LogDevObjectVersion:   Dev-Editor (E4B068ED-F494-42E9-A231-DA0B2E46BB41): 17
LogDevObjectVersion:   Dev-Framework (CFFC743F-43B0-4480-9391-14DF171D2073): 23
LogDevObjectVersion:   Dev-Mobile (B02B49B5-BB20-44E9-A304-32B752E40360): 0
LogDevObjectVersion:   Dev-Networking (A4E4105C-59A1-49B5-A7C5-40C4547EDFEE): 0
LogDevObjectVersion:   Dev-Online (39C831C9-5AE6-47DC-9A44-9C173E1C8E7C): 0
LogDevObjectVersion:   Dev-Physics (78F01B33-EBEA-4F98-B9B4-84EACCB95AA2): 0
LogDevObjectVersion:   Dev-Platform (6631380F-2D4D-43E0-8009-CF276956A95A): 0
LogDevObjectVersion:   Dev-Rendering (12F88B9F-8875-4AFC-A67C-D90C383ABD29): 15
LogDevObjectVersion:   Dev-Sequencer (7B5AE74C-D270-4C10-A958-57980B212A5A): 4
LogDevObjectVersion:   Dev-VR (D7296918-1DD6-4BDD-9DE2-64A83CC13884): 0
LogDevObjectVersion:   Dev-LoadTimes (C2A15278-BFE7-4AFE-6C17-90FF531DF755): 1
LogDevObjectVersion:   Private-Geometry (6EACA3D4-40EC-4CC1-B786-8BED09428FC5): 1
LogDevObjectVersion:   Dev-AnimPhys (29E575DD-E0A3-4627-9D10-D276232CDCEA): 3
LogInit: Compiled (64-bit): May 31 2017 02:03:30
LogInit: Compiled with Visual C++: 19.00.24215.01
LogInit: Build Configuration: Development
LogInit: Branch Name: ++UE4+Release-4.16
LogInit: Command line:  
LogInit: Base directory: C:/Program Files/Epic Games/UE_4.16/Engine/Binaries/Win64/
LogInit: Installed Engine Build: 1
LogInit: Presizing for max 8388607 objects, including 0 objects not considered by GC, pre-allocating 0 bytes for permanent pool.
LogInit: Object subsystem initialized
[2017.06.22-14.17.01:545][  0]LogInit: Selected Device Profile: [Windows]
[2017.06.22-14.17.01:545][  0]LogInit: Applying CVar settings loaded from the selected device profile: [Windows]
[2017.06.22-14.17.01:558][  0]LogInit: Computer: DESKTOP-A4GNOHH
[2017.06.22-14.17.01:558][  0]LogInit: User: Maciek
[2017.06.22-14.17.01:558][  0]LogInit: CPU Page size=4096, Cores=4
[2017.06.22-14.17.01:558][  0]LogInit: High frequency timer resolution =3.417972 MHz
[2017.06.22-14.17.01:559][  0]LogMemory: Memory total: Physical=8.0GB (8GB approx)
[2017.06.22-14.17.01:559][  0]LogMemory: Platform Memory Stats for Windows
[2017.06.22-14.17.01:559][  0]LogMemory: Process Physical Memory: 273.42 MB used, 273.42 MB peak
[2017.06.22-14.17.01:559][  0]LogMemory: Process Virtual Memory: 266.72 MB used, 266.72 MB peak
[2017.06.22-14.17.01:559][  0]LogMemory: Physical Memory: 6178.35 MB used,  1964.74 MB free, 8143.09 MB total
[2017.06.22-14.17.01:559][  0]LogMemory: Virtual Memory: 643.46 MB used,  1964.74 MB free, 134217728.00 MB total
[2017.06.22-14.17.01:844][  0]LogInit: Using OS detected language (pl-PL).
[2017.06.22-14.17.01:844][  0]LogInit: Using OS detected locale (pl-PL).
[2017.06.22-14.17.01:853][  0]LogTextLocalizationManager: No localization for 'pl-PL' exists, so 'en' will be used for the language.
[2017.06.22-14.17.01:853][  0]LogTextLocalizationManager: No localization for 'pl-PL' exists, so 'en' will be used for the locale.
[2017.06.22-14.17.03:104][  0]LogD3D11RHI: D3D11 adapters:
[2017.06.22-14.17.03:708][  0]LogD3D11RHI:    0. 'NVIDIA GeForce GTX 960' (Feature Level 11_0)
[2017.06.22-14.17.03:708][  0]LogD3D11RHI:       2016/0/4071 MB DedicatedVideo/DedicatedSystem/SharedSystem, Outputs:2, VendorId:0x10de
[2017.06.22-14.17.03:710][  0]LogD3D11RHI:    1. 'Microsoft Basic Render Driver' (Feature Level 11_0)
[2017.06.22-14.17.03:710][  0]LogD3D11RHI:       0/0/4071 MB DedicatedVideo/DedicatedSystem/SharedSystem, Outputs:0, VendorId:0x1414
[2017.06.22-14.17.03:711][  0]LogD3D11RHI: Chosen D3D11 Adapter: 0
[2017.06.22-14.17.03:715][  0]LogD3D11RHI: Creating new Direct3DDevice
[2017.06.22-14.17.03:715][  0]LogD3D11RHI:     GPU DeviceId: 0x1401 (for the marketing name, search the web for "GPU Device Id")
[2017.06.22-14.17.03:715][  0]LogWindows: EnumDisplayDevices:
[2017.06.22-14.17.03:716][  0]LogWindows:    0. 'NVIDIA GeForce GTX 960' (P:1 D:1)
[2017.06.22-14.17.03:716][  0]LogWindows:    1. 'NVIDIA GeForce GTX 960' (P:0 D:1)
[2017.06.22-14.17.03:716][  0]LogWindows:    2. 'NVIDIA GeForce GTX 960' (P:0 D:0)
[2017.06.22-14.17.03:716][  0]LogWindows:    3. 'NVIDIA GeForce GTX 960' (P:0 D:0)
[2017.06.22-14.17.03:716][  0]LogWindows: DebugString: FoundDriverCount:4 
[2017.06.22-14.17.03:716][  0]LogD3D11RHI:     Adapter Name: NVIDIA GeForce GTX 960
[2017.06.22-14.17.03:716][  0]LogD3D11RHI:   Driver Version: 382.33 (internal:22.21.13.8233, unified:382.33)
[2017.06.22-14.17.03:716][  0]LogD3D11RHI:      Driver Date: 5-17-2017
[2017.06.22-14.17.03:716][  0]LogRHI: Texture pool is 1361 MB (70% of 1945 MB)
[2017.06.22-14.17.04:262][  0]LogD3D11RHI: Async texture creation enabled
[2017.06.22-14.17.04:313][  0]LogD3D11RHI: GPU Timing Frequency: 1000.000000 (Debug: 2 3)
[2017.06.22-14.17.04:368][  0]LogShaderCompilers: Guid format shader working directory is 8 characters bigger than the processId version (D:/Projekty/Unreal Engine/GTAsims 4.15/Intermediate/Shaders/WorkingDirectory/10204/).
[2017.06.22-14.17.04:368][  0]LogShaderCompilers: Cleaned the shader compiler working directory 'C:/Users/Maciek/AppData/Local/Temp/UnrealShaderWorkingDir/1390EFD14F9C78C9C1893E9983B402FA/'.
[2017.06.22-14.17.04:369][  0]LogShaderCompilers:Display: Using Local Shader Compiler.
[2017.06.22-14.17.05:961][  0]LogTemp:Display: Loaded TP AllDesktopTargetPlatform
[2017.06.22-14.17.06:033][  0]LogTemp:Display: Loaded TP MacClientTargetPlatform
[2017.06.22-14.17.06:100][  0]LogTemp:Display: Loaded TP MacNoEditorTargetPlatform
[2017.06.22-14.17.06:169][  0]LogTemp:Display: Loaded TP MacServerTargetPlatform
[2017.06.22-14.17.06:237][  0]LogTemp:Display: Loaded TP MacTargetPlatform
[2017.06.22-14.17.06:309][  0]LogTemp:Display: Loaded TP WindowsClientTargetPlatform
[2017.06.22-14.17.06:381][  0]LogTemp:Display: Loaded TP WindowsNoEditorTargetPlatform
[2017.06.22-14.17.06:450][  0]LogTemp:Display: Loaded TP WindowsServerTargetPlatform
[2017.06.22-14.17.06:512][  0]LogTemp:Display: Loaded TP WindowsTargetPlatform
[2017.06.22-14.17.06:588][  0]LogTemp:Display: Loaded TP AndroidTargetPlatform
[2017.06.22-14.17.06:655][  0]LogTemp:Display: Loaded TP Android_ASTCTargetPlatform
[2017.06.22-14.17.06:721][  0]LogTemp:Display: Loaded TP Android_ATCTargetPlatform
[2017.06.22-14.17.06:789][  0]LogTemp:Display: Loaded TP Android_DXTTargetPlatform
[2017.06.22-14.17.06:858][  0]LogTemp:Display: Loaded TP Android_ETC1TargetPlatform
[2017.06.22-14.17.06:925][  0]LogTemp:Display: Loaded TP Android_ETC2TargetPlatform
[2017.06.22-14.17.07:057][  0]LogTemp:Display: Loaded TP Android_MultiTargetPlatform
[2017.06.22-14.17.07:057][  0]LogTemp:Display: Loaded TP Android_PVRTCTargetPlatform
[2017.06.22-14.17.07:116][  0]LogTemp:Display: Loaded TP HTML5TargetPlatform
[2017.06.22-14.17.07:248][  0]LogTemp:Display: Loaded TP IOSTargetPlatform
[2017.06.22-14.17.07:283][  0]LogTemp:Display: Loaded TP TVOSTargetPlatform
[2017.06.22-14.17.07:349][  0]LogTemp:Display: Loaded TP LinuxClientTargetPlatform
[2017.06.22-14.17.07:416][  0]LogTemp:Display: Loaded TP LinuxNoEditorTargetPlatform
[2017.06.22-14.17.07:482][  0]LogTemp:Display: Loaded TP LinuxServerTargetPlatform
[2017.06.22-14.17.07:551][  0]LogTemp:Display: Loaded TP LinuxTargetPlatform
[2017.06.22-14.17.07:551][  0]LogTargetPlatformManager:Display: Building Assets For Windows
[2017.06.22-14.17.08:424][  0]LogDerivedDataCache:Display: Max Cache Size: 512 MB
[2017.06.22-14.17.08:766][  0]LogDerivedDataCache: Loaded boot cache 0.34s 90MB C:/Users/Maciek/AppData/Local/UnrealEngine/4.16/DerivedDataCache/Boot.ddc.
[2017.06.22-14.17.08:766][  0]LogDerivedDataCache:Display: Loaded Boot cache: C:/Users/Maciek/AppData/Local/UnrealEngine/4.16/DerivedDataCache/Boot.ddc
[2017.06.22-14.17.08:766][  0]LogDerivedDataCache: FDerivedDataBackendGraph:  Pak pak cache file D:/Projekty/Unreal Engine/GTAsims 4.15/DerivedDataCache/DDC.ddp not found, will not use a pak cache.
[2017.06.22-14.17.08:766][  0]LogDerivedDataCache: Unable to find inner node Pak for hierarchical cache Hierarchy.
[2017.06.22-14.17.08:766][  0]LogDerivedDataCache: FDerivedDataBackendGraph:  CompressedPak pak cache file D:/Projekty/Unreal Engine/GTAsims 4.15/DerivedDataCache/Compressed.ddp not found, will not use a pak cache.
[2017.06.22-14.17.08:766][  0]LogDerivedDataCache: Unable to find inner node CompressedPak for hierarchical cache Hierarchy.
[2017.06.22-14.17.08:786][  0]LogDerivedDataCache:Display: Pak cache opened for reading ../../../Engine/DerivedDataCache/Compressed.ddp.
[2017.06.22-14.17.08:799][  0]LogDerivedDataCache: Using Local data cache path C:/Users/Maciek/AppData/Local/UnrealEngine/Common/DerivedDataCache: Writable
[2017.06.22-14.17.08:814][  0]LogMaterial: Verifying Global Shaders for PCD3D_SM5
[2017.06.22-14.17.08:816][  0]LogSlate: Using Freetype 2.6.0
[2017.06.22-14.17.08:820][  0]LogSlate: SlateFontCache - WITH_FREETYPE: 1, WITH_HARFBUZZ: 1
[2017.06.22-14.17.08:820][  0]LogSlate: SlateFontCache - WITH_FREETYPE: 1, WITH_HARFBUZZ: 1
[2017.06.22-14.17.09:461][  0]LogInit: Selected Device Profile: [Windows]
[2017.06.22-14.17.09:606][  0]LogContentStreaming: Texture pool size is 0.00 MB
[2017.06.22-14.17.09:871][  0]LogMeshUtilities: Using QuadricMeshReduction for automatic static mesh reduction
[2017.06.22-14.17.09:945][  0]LogSimplygon: Simplygon DLL not present - disabling.
[2017.06.22-14.17.10:027][  0]LogMeshUtilities: Using SimplygonSwarm for distributed automatic mesh merging
[2017.06.22-14.17.10:027][  0]LogMeshUtilities: No automatic skeletal mesh reduction module available
[2017.06.22-14.17.10:027][  0]LogMeshUtilities: No automatic mesh merging module available
[2017.06.22-14.17.10:873][  0]LogNetVersion: GTAsims , NetCL: 3452394, EngineNetVer: 2, GameNetVer: 0 (Checksum: 60064449)
[2017.06.22-14.17.10:950][  0]LogAssetRegistry: FAssetRegistry took 0.0254 seconds to start up
[2017.06.22-14.17.11:006][  0]LogPackageLocalizationCache: Processed 4 localized package path(s) for 1 prioritized culture(s) in 0.029911 seconds
[2017.06.22-14.17.11:018][  0]LogUObjectArray: 34194 objects as part of root set at end of initial load.
[2017.06.22-14.17.11:018][  0]LogUObjectAllocator: 7260424 out of 0 bytes used by permanent object pool.
[2017.06.22-14.17.11:018][  0]LogUObjectArray: CloseDisregardForGC: 0/0 objects in disregard for GC pool
[2017.06.22-14.17.11:108][  0]LogInit: WinSock: version 1.1 (2.2), MaxSocks=32767, MaxUdp=65467
[2017.06.22-14.17.14:946][  0]LogTcpMessaging: Initializing TcpMessaging bridge
[2017.06.22-14.17.15:003][  0]LogUdpMessaging: Initializing bridge on interface 0.0.0.0:0 to multicast group 230.0.0.1:6666.
[2017.06.22-14.17.15:821][  0]LogMaterial: Uniform references updated for custom material expression Custom.
[2017.06.22-14.17.16:399][  0]SourceControl: Info Source control is disabled
[2017.06.22-14.17.16:400][  0]SourceControl: Info Source control is disabled
[2017.06.22-14.17.16:491][  0]SourceControl: Info Source control is disabled
[2017.06.22-14.17.16:572][  0]SourceControl: Info Source control is disabled
[2017.06.22-14.17.17:680][  0]LogAndroidPermission: UAndroidPermissionCallbackProxy::GetInstance
[2017.06.22-14.17.18:587][  0]LogEngine: Initializing Engine...
[2017.06.22-14.17.18:589][  0]LogHMD: Failed to initialize OpenVR with code 110
[2017.06.22-14.17.18:852][  0]LogStats: UGameplayTagsManager::ConstructGameplayTagTree: Construct from data asset -  0.000 s
[2017.06.22-14.17.18:852][  0]LogStats: UGameplayTagsManager::ConstructGameplayTagTree: GameplayTagTreeChangedEvent.Broadcast -  0.000 s
[2017.06.22-14.17.19:056][  0]LogAIModule: Creating AISystem for world Untitled
[2017.06.22-14.17.19:084][  0]LogInit: XAudio2 using 'Głośniki (Urządzenie zgodne ze standardem High Definition Audio)' : 2 channels at 44.1 kHz using 16 bits per sample (channel mask 0x3)
[2017.06.22-14.17.19:101][  0]LogInit: FAudioDevice initialized.
[2017.06.22-14.17.19:156][  0]LogDerivedDataCache: Saved boot cache 0.05s 90MB C:/Users/Maciek/AppData/Local/UnrealEngine/4.16/DerivedDataCache/Boot.ddc.
[2017.06.22-14.17.19:172][  0]LogInit: Texture streaming: Enabled
[2017.06.22-14.17.19:319][  0]LogEngineSessionManager: EngineSessionManager initialized
[2017.06.22-14.17.19:647][  0]LogInit: Transaction tracking system initialized
[2017.06.22-14.17.20:114][  0]BlueprintLog: New page: Editor Load
[2017.06.22-14.17.21:599][  0]LocalizationService: Info Localization service is disabled
[2017.06.22-14.17.22:652][  0]LogConsoleResponse:Display: 
[2017.06.22-14.17.22:902][  0]LogCook:Display: Max memory allowance for cook 16384mb min free memory 0mb
[2017.06.22-14.17.22:903][  0]LogFileCache: Scanning file cache for directory 'D:/Projekty/Unreal Engine/GTAsims 4.15/Content/' took 0.01s
[2017.06.22-14.17.22:903][  0]LogCook:Display: Mobile HDR setting 1
[2017.06.22-14.17.24:482][  0]SourceControl: Info Source control is disabled
[2017.06.22-14.17.24:483][  0]Cmd: MAP LOAD FILE="D:/Projekty/Unreal Engine/GTAsims 4.15/Content/LV1.umap" TEMPLATE=0 SHOWPROGRESS=1 FEATURELEVEL=3
[2017.06.22-14.17.24:502][  0]LightingResults: New page: Lighting Build
[2017.06.22-14.17.24:562][  0]MapCheck: New page: Map Check
[2017.06.22-14.17.24:562][  0]LightingResults: New page: Lighting Build
[2017.06.22-14.17.25:772][  0]LogAIModule: Creating AISystem for world LV1
[2017.06.22-14.17.25:796][  0]LogEditorServer: Finished looking for orphan Actors (0.000 secs)
[2017.06.22-14.17.25:826][  0]Cmd: MAP CHECKDEP NOCLEARLOG
[2017.06.22-14.17.25:942][  0]MapCheck: Info Map check complete: 0 Error(s), 0 Warning(s), took 116.189ms to complete.
[2017.06.22-14.17.25:942][  0]LogFileHelpers: Loading map 'LV1' took 1.460
[2017.06.22-14.17.26:007][  0]LogWindowsTextInputMethodSystem:Display: IME system now deactivated.
[2017.06.22-14.17.26:134][  0]LogCollectionManager: Loaded 0 collections in 0.003223 seconds
[2017.06.22-14.17.26:238][  0]LogFileCache: Scanning file cache for directory 'D:/Projekty/Unreal Engine/GTAsims 4.15/Saved/Collections/' took 0.01s
[2017.06.22-14.17.26:238][  0]LogFileCache: Scanning file cache for directory 'D:/Projekty/Unreal Engine/GTAsims 4.15/Content/Developers/Maciek/Collections/' took 0.01s
[2017.06.22-14.17.26:238][  0]LogFileCache: Scanning file cache for directory 'D:/Projekty/Unreal Engine/GTAsims 4.15/Content/Collections/' took 0.01s
[2017.06.22-14.17.26:238][  0]LogCollectionManager: Rebuilt the GUID cache for 0 collections in 0.000004 seconds
[2017.06.22-14.17.26:247][  0]LogContentBrowser: Native class hierarchy populated in 0.0087 seconds. Added 2329 classes and 491 folders.
[2017.06.22-14.17.26:331][  0]LogContentBrowser: Native class hierarchy updated for 'WidgetCarousel' in 0.0005 seconds. Added 0 classes and 0 folders.
[2017.06.22-14.17.26:451][  0]LogContentBrowser: Native class hierarchy updated for 'AddContentDialog' in 0.0005 seconds. Added 0 classes and 0 folders.
[2017.06.22-14.17.26:524][  0]LogContentBrowser: Native class hierarchy updated for 'SceneOutliner' in 0.0006 seconds. Added 1 classes and 2 folders.
[2017.06.22-14.17.26:687][  0]LogCrashTracker: Crashtracker disabled due to settings.
[2017.06.22-14.17.26:695][  0]LogSlate: Took 0.001247 seconds to synchronously load lazily loaded font '../../../Engine/Content/Slate/Fonts/Roboto-Regular.ttf' (155K)
[2017.06.22-14.17.26:698][  0]LogSlate: Took 0.001193 seconds to synchronously load lazily loaded font '../../../Engine/Content/Slate/Fonts/Roboto-Bold.ttf' (160K)
[2017.06.22-14.17.26:708][  0]LogSlate: Took 0.001412 seconds to synchronously load lazily loaded font '../../../Engine/Content/Editor/Slate/Fonts/FontAwesome.ttf' (139K)
[2017.06.22-14.17.26:812][  0]LogRenderer: Reallocating scene render targets to support 1272x576 NumSamples 1 (Frame:1).
[2017.06.22-14.17.26:886][  0]LogSlate: Took 0.001038 seconds to synchronously load lazily loaded font '../../../Engine/Content/Slate/Fonts/Roboto-Light.ttf' (159K)
[2017.06.22-14.17.27:039][  0]LogUObjectGlobals:Warning: Failed to find object 'Class None.'
[2017.06.22-14.17.27:133][  0]LogContentBrowser: Native class hierarchy updated for 'HierarchicalLODOutliner' in 0.0006 seconds. Added 1 classes and 2 folders.
[2017.06.22-14.17.27:134][  0]LogLoad: (Engine Initialization) Total time: 28.75 seconds
[2017.06.22-14.17.27:134][  0]LogLoad: (Engine Initialization) Total Blueprint compile time: 0.39 seconds
[2017.06.22-14.17.27:134][  0]LogExternalProfiler: No external profilers were discovered.  External profiling features will not be available.
[2017.06.22-14.17.27:153][  0]LogOcInput: OculusInput pre-init called
[2017.06.22-14.17.27:153][  0]LogHMD: Starting GearVRController plugin
[2017.06.22-14.17.27:180][  0]LogAssetRegistry: Asset discovery search completed in 16.2520 seconds
[2017.06.22-14.17.27:182][  0]LogCollectionManager: Rebuilt the object cache for 0 collections in 0.000001 seconds (found 0 objects)
[2017.06.22-14.17.27:182][  0]LogCollectionManager: Fixed up redirectors for 0 collections in 0.000078 seconds (updated 0 objects)
[2017.06.22-14.17.27:190][  0]LogContentStreaming: Texture pool size now 1000 MB
[2017.06.22-14.17.30:168][181]LogTemp: Repeting last play command: Selected Viewport
[2017.06.22-14.17.30:209][181]LogBlueprintUserMessages: Early PlayInEditor Detection: Level '/Game/LV1.LV1:PersistentLevel' has LevelScriptBlueprint '/Game/LV1.LV1:PersistentLevel.LV1' with GeneratedClass '/Game/LV1.LV1_C' with ClassGeneratedBy '/Game/LV1.LV1:PersistentLevel.LV1'
[2017.06.22-14.17.30:209][181]LogPlayLevel: PlayLevel: No blueprints needed recompiling
[2017.06.22-14.17.30:209][181]PIE: New page: PIE session: LV1 (Jun 22, 2017, 6:17:30 PM)
[2017.06.22-14.17.30:210][181]LogPlayLevel: Creating play world package: /Game/UEDPIE_0_LV1
[2017.06.22-14.17.30:216][181]LogPlayLevel: PIE: StaticDuplicateObject took: (0.006110s)
[2017.06.22-14.17.30:217][181]LogAIModule: Creating AISystem for world LV1
[2017.06.22-14.17.30:217][181]LogPlayLevel: PIE: World Init took: (0.000734s)
[2017.06.22-14.17.30:217][181]LogPlayLevel: PIE: Created PIE world by copying editor world from /Game/LV1.LV1 to /Game/UEDPIE_0_LV1.LV1 (0.007573s)
[2017.06.22-14.17.30:241][181]LogInit: XAudio2 using 'Głośniki (Urządzenie zgodne ze standardem High Definition Audio)' : 2 channels at 44.1 kHz using 16 bits per sample (channel mask 0x3)
[2017.06.22-14.17.30:250][181]LogInit: FAudioDevice initialized.
[2017.06.22-14.17.30:296][181]LogLoad: Game class is 'MyGamemode_C'
[2017.06.22-14.17.30:301][181]LogWorld: Bringing World /Game/UEDPIE_0_LV1.LV1 up for play (max tick rate 0) at 2017.06.22-16.17.30
[2017.06.22-14.17.30:303][181]LogWorld: Bringing up level for play took: 0.002829
[2017.06.22-14.17.30:307][181]LogSpawn:Warning: SpawnActor failed because no class was specified
[2017.06.22-14.17.30:360][181]LogContentBrowser: Native class hierarchy updated for 'MovieSceneCapture' in 0.0006 seconds. Added 11 classes and 0 folders.
[2017.06.22-14.17.30:361][181]LogGameMode:Display: Match State Changed from EnteringMap to WaitingToStart
[2017.06.22-14.17.30:361][181]LogGameState: Match State Changed from EnteringMap to WaitingToStart
[2017.06.22-14.17.30:361][181]LogGameMode:Display: Match State Changed from WaitingToStart to InProgress
[2017.06.22-14.17.30:370][181]LogGameState: Match State Changed from WaitingToStart to InProgress
[2017.06.22-14.17.30:370][181]PIE: Info Play in editor start time for /Game/UEDPIE_0_LV1 0.176
[2017.06.22-14.17.30:370][181]LogBlueprintUserMessages: Late PlayInEditor Detection: Level '/Game/LV1.LV1:PersistentLevel' has LevelScriptBlueprint '/Game/LV1.LV1:PersistentLevel.LV1' with GeneratedClass '/Game/LV1.LV1_C' with ClassGeneratedBy '/Game/LV1.LV1:PersistentLevel.LV1'
[2017.06.22-14.17.30:986][230]LogScript:Warning: Accessed None trying to read property CallFunc_FinishSpawningActor_ReturnValue
	VZ-actor_C /Game/UEDPIE_0_LV1.LV1:PersistentLevel.VZ-actor_C_0
	Function /Game/Guns/Vz/VZ-actor.VZ-actor_C:ExecuteUbergraph_VZ-actor:07F4
[2017.06.22-14.17.30:986][230]PIE:Error: Error Blueprint Runtime Error: Accessed None trying to read property CallFunc_FinishSpawningActor_ReturnValue from function: 'ExecuteUbergraph_VZ-actor' from node: Zapytaj O Ammo in graph: EventGraph in object: VZ-actor with description: Accessed None trying to read property CallFunc_FinishSpawningActor_ReturnValue
[2017.06.22-14.17.31:086][236]LogScript:Warning: Accessed None trying to read property CallFunc_FinishSpawningActor_ReturnValue
	VZ-actor_C /Game/UEDPIE_0_LV1.LV1:PersistentLevel.VZ-actor_C_0
	Function /Game/Guns/Vz/VZ-actor.VZ-actor_C:ExecuteUbergraph_VZ-actor:07F4
[2017.06.22-14.17.31:086][236]PIE:Error: Error Blueprint Runtime Error: Accessed None trying to read property CallFunc_FinishSpawningActor_ReturnValue from function: 'ExecuteUbergraph_VZ-actor' from node: Zapytaj O Ammo in graph: EventGraph in object: VZ-actor with description: Accessed None trying to read property CallFunc_FinishSpawningActor_ReturnValue
[2017.06.22-14.17.31:186][242]LogScript:Warning: Accessed None trying to read property CallFunc_FinishSpawningActor_ReturnValue
	VZ-actor_C /Game/UEDPIE_0_LV1.LV1:PersistentLevel.VZ-actor_C_0
	Function /Game/Guns/Vz/VZ-actor.VZ-actor_C:ExecuteUbergraph_VZ-actor:07F4
[2017.06.22-14.17.31:186][242]PIE:Error: Error Blueprint Runtime Error: Accessed None trying to read property CallFunc_FinishSpawningActor_ReturnValue from function: 'ExecuteUbergraph_VZ-actor' from node: Zapytaj O Ammo in graph: EventGraph in object: VZ-actor with description: Accessed None trying to read property CallFunc_FinishSpawningActor_ReturnValue
[2017.06.22-14.17.31:285][248]LogScript:Warning: Accessed None trying to read property CallFunc_FinishSpawningActor_ReturnValue
	VZ-actor_C /Game/UEDPIE_0_LV1.LV1:PersistentLevel.VZ-actor_C_0
	Function /Game/Guns/Vz/VZ-actor.VZ-actor_C:ExecuteUbergraph_VZ-actor:07F4
[2017.06.22-14.17.31:286][248]PIE:Error: Error Blueprint Runtime Error: Accessed None trying to read property CallFunc_FinishSpawningActor_ReturnValue from function: 'ExecuteUbergraph_VZ-actor' from node: Zapytaj O Ammo in graph: EventGraph in object: VZ-actor with description: Accessed None trying to read property CallFunc_FinishSpawningActor_ReturnValue
[2017.06.22-14.17.31:619][268]LogScript:Warning: Accessed None trying to read property CallFunc_FinishSpawningActor_ReturnValue
	VZ-actor_C /Game/UEDPIE_0_LV1.LV1:PersistentLevel.VZ-actor_C_0
	Function /Game/Guns/Vz/VZ-actor.VZ-actor_C:ExecuteUbergraph_VZ-actor:07F4
[2017.06.22-14.17.31:619][268]PIE:Error: Error Blueprint Runtime Error: Accessed None trying to read property CallFunc_FinishSpawningActor_ReturnValue from function: 'ExecuteUbergraph_VZ-actor' from node: Zapytaj O Ammo in graph: EventGraph in object: VZ-actor with description: Accessed None trying to read property CallFunc_FinishSpawningActor_ReturnValue
[2017.06.22-14.17.32:952][348]LogBlueprintUserMessages: [VZ-actor_C_0] Nope
[2017.06.22-14.17.35:420][496]LogScript:Warning: Attempted to access VZ-actor_C_0 via property K2Node_DynamicCast_AsTENINTERFACE2, but VZ-actor_C_0 is pending kill
	CharakterGG_C /Game/UEDPIE_0_LV1.LV1:PersistentLevel.CharakterGG_C_0
	Function /Game/CharakterGG.CharakterGG_C:ExecuteUbergraph_CharakterGG:0759
[2017.06.22-14.17.35:420][496]PIE:Error: Error Blueprint Runtime Error: Attempted to access VZ-actor_C_0 via property K2Node_DynamicCast_AsTENINTERFACE2, but VZ-actor_C_0 is pending kill from function: 'ExecuteUbergraph_CharakterGG' from node: LMB P
Using Interface TENINTERFACE_C in graph: EventGraph in object: CharakterGG with description: Attempted to access VZ-actor_C_0 via property K2Node_DynamicCast_AsTENINTERFACE2, but VZ-actor_C_0 is pending kill
[2017.06.22-14.17.35:502][501]LogScript:Warning: Attempted to access VZ-actor_C_0 via property K2Node_DynamicCast_AsTENINTERFACE3, but VZ-actor_C_0 is pending kill
	CharakterGG_C /Game/UEDPIE_0_LV1.LV1:PersistentLevel.CharakterGG_C_0
	Function /Game/CharakterGG.CharakterGG_C:ExecuteUbergraph_CharakterGG:06C4
[2017.06.22-14.17.35:502][501]PIE:Error: Error Blueprint Runtime Error: Attempted to access VZ-actor_C_0 via property K2Node_DynamicCast_AsTENINTERFACE3, but VZ-actor_C_0 is pending kill from function: 'ExecuteUbergraph_CharakterGG' from node: LMB R
Using Interface TENINTERFACE_C in graph: EventGraph in object: CharakterGG with description: Attempted to access VZ-actor_C_0 via property K2Node_DynamicCast_AsTENINTERFACE3, but VZ-actor_C_0 is pending kill
[2017.06.22-14.17.35:653][510]LogScript:Warning: Attempted to access VZ-actor_C_0 via property K2Node_DynamicCast_AsTENINTERFACE2, but VZ-actor_C_0 is pending kill
	CharakterGG_C /Game/UEDPIE_0_LV1.LV1:PersistentLevel.CharakterGG_C_0
	Function /Game/CharakterGG.CharakterGG_C:ExecuteUbergraph_CharakterGG:0759
[2017.06.22-14.17.35:653][510]PIE:Error: Error Blueprint Runtime Error: Attempted to access VZ-actor_C_0 via property K2Node_DynamicCast_AsTENINTERFACE2, but VZ-actor_C_0 is pending kill from function: 'ExecuteUbergraph_CharakterGG' from node: LMB P
Using Interface TENINTERFACE_C in graph: EventGraph in object: CharakterGG with description: Attempted to access VZ-actor_C_0 via property K2Node_DynamicCast_AsTENINTERFACE2, but VZ-actor_C_0 is pending kill
[2017.06.22-14.17.35:753][516]LogScript:Warning: Attempted to access VZ-actor_C_0 via property K2Node_DynamicCast_AsTENINTERFACE3, but VZ-actor_C_0 is pending kill
	CharakterGG_C /Game/UEDPIE_0_LV1.LV1:PersistentLevel.CharakterGG_C_0
	Function /Game/CharakterGG.CharakterGG_C:ExecuteUbergraph_CharakterGG:06C4
[2017.06.22-14.17.35:753][516]PIE:Error: Error Blueprint Runtime Error: Attempted to access VZ-actor_C_0 via property K2Node_DynamicCast_AsTENINTERFACE3, but VZ-actor_C_0 is pending kill from function: 'ExecuteUbergraph_CharakterGG' from node: LMB R
Using Interface TENINTERFACE_C in graph: EventGraph in object: CharakterGG with description: Attempted to access VZ-actor_C_0 via property K2Node_DynamicCast_AsTENINTERFACE3, but VZ-actor_C_0 is pending kill
[2017.06.22-14.17.36:486][560]LogScript:Warning: Attempted to access VZ-actor_C_0 via property Aktualnie_wybrany_przedmiot, but VZ-actor_C_0 is pending kill
	VZ-actor_C /Game/UEDPIE_0_LV1.LV1:PersistentLevel.VZ-actor_C_1
	Function /Game/Guns/Vz/VZ-actor.VZ-actor_C:ExecuteUbergraph_VZ-actor:1061
[2017.06.22-14.17.36:486][560]LogScript:Warning: Attempted to access VZ-actor_C_0 via property Aktualnie_wybrany_przedmiot, but VZ-actor_C_0 is pending kill
	VZ-actor_C /Game/UEDPIE_0_LV1.LV1:PersistentLevel.VZ-actor_C_1
	Function /Game/Guns/Vz/VZ-actor.VZ-actor_C:ExecuteUbergraph_VZ-actor:109F
[2017.06.22-14.17.37:886][644]LogScript:Warning: Accessed None trying to read property Magazine Reference
	VZ-actor_C /Game/UEDPIE_0_LV1.LV1:PersistentLevel.VZ-actor_C_2
	Function /Game/Guns/Vz/VZ-actor.VZ-actor_C:ExecuteUbergraph_VZ-actor:001A
[2017.06.22-14.17.37:886][644]PIE:Error: Error Blueprint Runtime Error: Accessed None trying to read property Magazine Reference from function: 'ExecuteUbergraph_VZ-actor' from node: DestroyActor in graph: EventGraph in object: VZ-actor with description: Accessed None trying to read property Magazine Reference
[2017.06.22-14.17.44:792][ 58]LogBlueprintUserMessages: Early EndPlayMap Detection: Level '/Game/LV1.LV1:PersistentLevel' has LevelScriptBlueprint '/Game/LV1.LV1:PersistentLevel.LV1' with GeneratedClass '/Game/LV1.LV1_C' with ClassGeneratedBy '/Game/LV1.LV1:PersistentLevel.LV1'
[2017.06.22-14.17.44:823][ 58]LogBlueprintUserMessages: Late EndPlayMap Detection: Level '/Game/LV1.LV1:PersistentLevel' has LevelScriptBlueprint '/Game/LV1.LV1:PersistentLevel.LV1' with GeneratedClass '/Game/LV1.LV1_C' with ClassGeneratedBy '/Game/LV1.LV1:PersistentLevel.LV1'
[2017.06.22-14.18.00:868][ 21]LogTemp: Repeting last play command: Selected Viewport
[2017.06.22-14.18.00:880][ 21]LogBlueprintUserMessages: Early PlayInEditor Detection: Level '/Game/LV1.LV1:PersistentLevel' has LevelScriptBlueprint '/Game/LV1.LV1:PersistentLevel.LV1' with GeneratedClass '/Game/LV1.LV1_C' with ClassGeneratedBy '/Game/LV1.LV1:PersistentLevel.LV1'
[2017.06.22-14.18.00:880][ 21]LogPlayLevel: PlayLevel: No blueprints needed recompiling
[2017.06.22-14.18.00:880][ 21]PIE: New page: PIE session: LV1 (Jun 22, 2017, 6:18:00 PM)
[2017.06.22-14.18.00:880][ 21]LogPlayLevel: Creating play world package: /Game/UEDPIE_0_LV1
[2017.06.22-14.18.00:886][ 21]LogPlayLevel: PIE: StaticDuplicateObject took: (0.005140s)
[2017.06.22-14.18.00:886][ 21]LogAIModule: Creating AISystem for world LV1
[2017.06.22-14.18.00:886][ 21]LogPlayLevel: PIE: World Init took: (0.000712s)
[2017.06.22-14.18.00:886][ 21]LogPlayLevel: PIE: Created PIE world by copying editor world from /Game/LV1.LV1 to /Game/UEDPIE_0_LV1.LV1 (0.006046s)
[2017.06.22-14.18.00:907][ 21]LogInit: XAudio2 using 'Głośniki (Urządzenie zgodne ze standardem High Definition Audio)' : 2 channels at 44.1 kHz using 16 bits per sample (channel mask 0x3)
[2017.06.22-14.18.00:915][ 21]LogInit: FAudioDevice initialized.
[2017.06.22-14.18.00:946][ 21]LogLoad: Game class is 'MyGamemode_C'
[2017.06.22-14.18.00:948][ 21]LogWorld: Bringing World /Game/UEDPIE_0_LV1.LV1 up for play (max tick rate 0) at 2017.06.22-16.18.00
[2017.06.22-14.18.00:949][ 21]LogWorld: Bringing up level for play took: 0.001359
[2017.06.22-14.18.00:949][ 21]LogSpawn:Warning: SpawnActor failed because no class was specified
[2017.06.22-14.18.00:949][ 21]LogGameMode:Display: Match State Changed from EnteringMap to WaitingToStart
[2017.06.22-14.18.00:949][ 21]LogGameState: Match State Changed from EnteringMap to WaitingToStart
[2017.06.22-14.18.00:949][ 21]LogGameMode:Display: Match State Changed from WaitingToStart to InProgress
[2017.06.22-14.18.00:951][ 21]LogGameState: Match State Changed from WaitingToStart to InProgress
[2017.06.22-14.18.00:952][ 21]PIE: Info Play in editor start time for /Game/UEDPIE_0_LV1 0.757
[2017.06.22-14.18.00:952][ 21]LogBlueprintUserMessages: Late PlayInEditor Detection: Level '/Game/LV1.LV1:PersistentLevel' has LevelScriptBlueprint '/Game/LV1.LV1:PersistentLevel.LV1' with GeneratedClass '/Game/LV1.LV1_C' with ClassGeneratedBy '/Game/LV1.LV1:PersistentLevel.LV1'
[2017.06.22-14.18.01:452][ 56]LogScript:Warning: Accessed None trying to read property CallFunc_FinishSpawningActor_ReturnValue
	VZ-actor_C /Game/UEDPIE_0_LV1.LV1:PersistentLevel.VZ-actor_C_0
	Function /Game/Guns/Vz/VZ-actor.VZ-actor_C:ExecuteUbergraph_VZ-actor:07F4
[2017.06.22-14.18.01:452][ 56]PIE:Error: Error Blueprint Runtime Error: Accessed None trying to read property CallFunc_FinishSpawningActor_ReturnValue from function: 'ExecuteUbergraph_VZ-actor' from node: Zapytaj O Ammo in graph: EventGraph in object: VZ-actor with description: Accessed None trying to read property CallFunc_FinishSpawningActor_ReturnValue
[2017.06.22-14.18.04:721][252]LogScript:Warning: Attempted to access VZ-actor_C_0 via property Aktualnie_wybrany_przedmiot, but VZ-actor_C_0 is pending kill
	VZ-actor_C /Game/UEDPIE_0_LV1.LV1:PersistentLevel.VZ-actor_C_1
	Function /Game/Guns/Vz/VZ-actor.VZ-actor_C:ExecuteUbergraph_VZ-actor:1061
[2017.06.22-14.18.04:721][252]LogScript:Warning: Attempted to access VZ-actor_C_0 via property Aktualnie_wybrany_przedmiot, but VZ-actor_C_0 is pending kill
	VZ-actor_C /Game/UEDPIE_0_LV1.LV1:PersistentLevel.VZ-actor_C_1
	Function /Game/Guns/Vz/VZ-actor.VZ-actor_C:ExecuteUbergraph_VZ-actor:109F
[2017.06.22-14.18.05:438][295]LogScript:Warning: Accessed None trying to read property CallFunc_FinishSpawningActor_ReturnValue
	VZ-actor_C /Game/UEDPIE_0_LV1.LV1:PersistentLevel.VZ-actor_C_2
	Function /Game/Guns/Vz/VZ-actor.VZ-actor_C:ExecuteUbergraph_VZ-actor:07F4
[2017.06.22-14.18.05:438][295]PIE:Error: Error Blueprint Runtime Error: Accessed None trying to read property CallFunc_FinishSpawningActor_ReturnValue from function: 'ExecuteUbergraph_VZ-actor' from node: Zapytaj O Ammo in graph: EventGraph in object: VZ-actor with description: Accessed None trying to read property CallFunc_FinishSpawningActor_ReturnValue
[2017.06.22-14.18.05:539][301]LogScript:Warning: Accessed None trying to read property CallFunc_FinishSpawningActor_ReturnValue
	VZ-actor_C /Game/UEDPIE_0_LV1.LV1:PersistentLevel.VZ-actor_C_2
	Function /Game/Guns/Vz/VZ-actor.VZ-actor_C:ExecuteUbergraph_VZ-actor:07F4
[2017.06.22-14.18.05:539][301]PIE:Error: Error Blueprint Runtime Error: Accessed None trying to read property CallFunc_FinishSpawningActor_ReturnValue from function: 'ExecuteUbergraph_VZ-actor' from node: Zapytaj O Ammo in graph: EventGraph in object: VZ-actor with description: Accessed None trying to read property CallFunc_FinishSpawningActor_ReturnValue
[2017.06.22-14.18.05:638][307]LogScript:Warning: Accessed None trying to read property CallFunc_FinishSpawningActor_ReturnValue
	VZ-actor_C /Game/UEDPIE_0_LV1.LV1:PersistentLevel.VZ-actor_C_2
	Function /Game/Guns/Vz/VZ-actor.VZ-actor_C:ExecuteUbergraph_VZ-actor:07F4
[2017.06.22-14.18.05:638][307]PIE:Error: Error Blueprint Runtime Error: Accessed None trying to read property CallFunc_FinishSpawningActor_ReturnValue from function: 'ExecuteUbergraph_VZ-actor' from node: Zapytaj O Ammo in graph: EventGraph in object: VZ-actor with description: Accessed None trying to read property CallFunc_FinishSpawningActor_ReturnValue
[2017.06.22-14.18.05:837][319]LogScript:Warning: Accessed None trying to read property Magazine Reference
	VZ-actor_C /Game/UEDPIE_0_LV1.LV1:PersistentLevel.VZ-actor_C_2
	Function /Game/Guns/Vz/VZ-actor.VZ-actor_C:ExecuteUbergraph_VZ-actor:001A
[2017.06.22-14.18.05:837][319]PIE:Error: Error Blueprint Runtime Error: Accessed None trying to read property Magazine Reference from function: 'ExecuteUbergraph_VZ-actor' from node: DestroyActor in graph: EventGraph in object: VZ-actor with description: Accessed None trying to read property Magazine Reference
[2017.06.22-14.18.15:579][903]LogBlueprintUserMessages: Early EndPlayMap Detection: Level '/Game/LV1.LV1:PersistentLevel' has LevelScriptBlueprint '/Game/LV1.LV1:PersistentLevel.LV1' with GeneratedClass '/Game/LV1.LV1_C' with ClassGeneratedBy '/Game/LV1.LV1:PersistentLevel.LV1'
[2017.06.22-14.18.15:613][903]LogBlueprintUserMessages: Late EndPlayMap Detection: Level '/Game/LV1.LV1:PersistentLevel' has LevelScriptBlueprint '/Game/LV1.LV1:PersistentLevel.LV1' with GeneratedClass '/Game/LV1.LV1_C' with ClassGeneratedBy '/Game/LV1.LV1:PersistentLevel.LV1'
[2017.06.22-14.18.17:046][991]LogTemp: Repeting last play command: Selected Viewport
[2017.06.22-14.18.17:060][991]LogBlueprintUserMessages: Early PlayInEditor Detection: Level '/Game/LV1.LV1:PersistentLevel' has LevelScriptBlueprint '/Game/LV1.LV1:PersistentLevel.LV1' with GeneratedClass '/Game/LV1.LV1_C' with ClassGeneratedBy '/Game/LV1.LV1:PersistentLevel.LV1'
[2017.06.22-14.18.17:060][991]LogPlayLevel: PlayLevel: No blueprints needed recompiling
[2017.06.22-14.18.17:060][991]PIE: New page: PIE session: LV1 (Jun 22, 2017, 6:18:17 PM)
[2017.06.22-14.18.17:060][991]LogPlayLevel: Creating play world package: /Game/UEDPIE_0_LV1
[2017.06.22-14.18.17:065][991]LogPlayLevel: PIE: StaticDuplicateObject took: (0.004401s)
[2017.06.22-14.18.17:065][991]LogAIModule: Creating AISystem for world LV1
[2017.06.22-14.18.17:065][991]LogPlayLevel: PIE: World Init took: (0.000713s)
[2017.06.22-14.18.17:066][991]LogPlayLevel: PIE: Created PIE world by copying editor world from /Game/LV1.LV1 to /Game/UEDPIE_0_LV1.LV1 (0.005554s)
[2017.06.22-14.18.17:096][991]LogInit: XAudio2 using 'Głośniki (Urządzenie zgodne ze standardem High Definition Audio)' : 2 channels at 44.1 kHz using 16 bits per sample (channel mask 0x3)
[2017.06.22-14.18.17:106][991]LogInit: FAudioDevice initialized.
[2017.06.22-14.18.17:138][991]LogLoad: Game class is 'MyGamemode_C'
[2017.06.22-14.18.17:140][991]LogWorld: Bringing World /Game/UEDPIE_0_LV1.LV1 up for play (max tick rate 0) at 2017.06.22-16.18.17
[2017.06.22-14.18.17:141][991]LogWorld: Bringing up level for play took: 0.001838
[2017.06.22-14.18.17:142][991]LogSpawn:Warning: SpawnActor failed because no class was specified
[2017.06.22-14.18.17:142][991]LogGameMode:Display: Match State Changed from EnteringMap to WaitingToStart
[2017.06.22-14.18.17:142][991]LogGameState: Match State Changed from EnteringMap to WaitingToStart
[2017.06.22-14.18.17:142][991]LogGameMode:Display: Match State Changed from WaitingToStart to InProgress
[2017.06.22-14.18.17:145][991]LogGameState: Match State Changed from WaitingToStart to InProgress
[2017.06.22-14.18.17:145][991]PIE: Info Play in editor start time for /Game/UEDPIE_0_LV1 0.95
[2017.06.22-14.18.17:145][991]LogBlueprintUserMessages: Late PlayInEditor Detection: Level '/Game/LV1.LV1:PersistentLevel' has LevelScriptBlueprint '/Game/LV1.LV1:PersistentLevel.LV1' with GeneratedClass '/Game/LV1.LV1_C' with ClassGeneratedBy '/Game/LV1.LV1:PersistentLevel.LV1'
[2017.06.22-14.18.17:947][ 45]LogBlueprintUserMessages: Early EndPlayMap Detection: Level '/Game/LV1.LV1:PersistentLevel' has LevelScriptBlueprint '/Game/LV1.LV1:PersistentLevel.LV1' with GeneratedClass '/Game/LV1.LV1_C' with ClassGeneratedBy '/Game/LV1.LV1:PersistentLevel.LV1'
[2017.06.22-14.18.17:977][ 45]LogBlueprintUserMessages: Late EndPlayMap Detection: Level '/Game/LV1.LV1:PersistentLevel' has LevelScriptBlueprint '/Game/LV1.LV1:PersistentLevel.LV1' with GeneratedClass '/Game/LV1.LV1_C' with ClassGeneratedBy '/Game/LV1.LV1:PersistentLevel.LV1'
[2017.06.22-14.18.18:862][100]LogTemp: Repeting last play command: Selected Viewport
[2017.06.22-14.18.18:874][100]LogBlueprintUserMessages: Early PlayInEditor Detection: Level '/Game/LV1.LV1:PersistentLevel' has LevelScriptBlueprint '/Game/LV1.LV1:PersistentLevel.LV1' with GeneratedClass '/Game/LV1.LV1_C' with ClassGeneratedBy '/Game/LV1.LV1:PersistentLevel.LV1'
[2017.06.22-14.18.18:874][100]LogPlayLevel: PlayLevel: No blueprints needed recompiling
[2017.06.22-14.18.18:874][100]PIE: New page: PIE session: LV1 (Jun 22, 2017, 6:18:18 PM)
[2017.06.22-14.18.18:874][100]LogPlayLevel: Creating play world package: /Game/UEDPIE_0_LV1
[2017.06.22-14.18.18:878][100]LogPlayLevel: PIE: StaticDuplicateObject took: (0.004440s)
[2017.06.22-14.18.18:879][100]LogAIModule: Creating AISystem for world LV1
[2017.06.22-14.18.18:879][100]LogPlayLevel: PIE: World Init took: (0.000626s)
[2017.06.22-14.18.18:879][100]LogPlayLevel: PIE: Created PIE world by copying editor world from /Game/LV1.LV1 to /Game/UEDPIE_0_LV1.LV1 (0.005242s)
[2017.06.22-14.18.18:901][100]LogInit: XAudio2 using 'Głośniki (Urządzenie zgodne ze standardem High Definition Audio)' : 2 channels at 44.1 kHz using 16 bits per sample (channel mask 0x3)
[2017.06.22-14.18.18:911][100]LogInit: FAudioDevice initialized.
[2017.06.22-14.18.18:943][100]LogLoad: Game class is 'MyGamemode_C'
[2017.06.22-14.18.18:945][100]LogWorld: Bringing World /Game/UEDPIE_0_LV1.LV1 up for play (max tick rate 0) at 2017.06.22-16.18.18
[2017.06.22-14.18.18:945][100]LogWorld: Bringing up level for play took: 0.001308
[2017.06.22-14.18.18:946][100]LogSpawn:Warning: SpawnActor failed because no class was specified
[2017.06.22-14.18.18:946][100]LogGameMode:Display: Match State Changed from EnteringMap to WaitingToStart
[2017.06.22-14.18.18:946][100]LogGameState: Match State Changed from EnteringMap to WaitingToStart
[2017.06.22-14.18.18:946][100]LogGameMode:Display: Match State Changed from WaitingToStart to InProgress
[2017.06.22-14.18.18:948][100]LogGameState: Match State Changed from WaitingToStart to InProgress
[2017.06.22-14.18.18:948][100]PIE: Info Play in editor start time for /Game/UEDPIE_0_LV1 0.754
[2017.06.22-14.18.18:949][100]LogBlueprintUserMessages: Late PlayInEditor Detection: Level '/Game/LV1.LV1:PersistentLevel' has LevelScriptBlueprint '/Game/LV1.LV1:PersistentLevel.LV1' with GeneratedClass '/Game/LV1.LV1_C' with ClassGeneratedBy '/Game/LV1.LV1:PersistentLevel.LV1'
[2017.06.22-14.18.19:380][131]LogScript:Warning: Accessed None trying to read property CallFunc_FinishSpawningActor_ReturnValue
	VZ-actor_C /Game/UEDPIE_0_LV1.LV1:PersistentLevel.VZ-actor_C_0
	Function /Game/Guns/Vz/VZ-actor.VZ-actor_C:ExecuteUbergraph_VZ-actor:07F4
[2017.06.22-14.18.19:380][131]PIE:Error: Error Blueprint Runtime Error: Accessed None trying to read property CallFunc_FinishSpawningActor_ReturnValue from function: 'ExecuteUbergraph_VZ-actor' from node: Zapytaj O Ammo in graph: EventGraph in object: VZ-actor with description: Accessed None trying to read property CallFunc_FinishSpawningActor_ReturnValue
[2017.06.22-14.18.19:480][137]LogScript:Warning: Accessed None trying to read property CallFunc_FinishSpawningActor_ReturnValue
	VZ-actor_C /Game/UEDPIE_0_LV1.LV1:PersistentLevel.VZ-actor_C_0
	Function /Game/Guns/Vz/VZ-actor.VZ-actor_C:ExecuteUbergraph_VZ-actor:07F4
[2017.06.22-14.18.19:480][137]PIE:Error: Error Blueprint Runtime Error: Accessed None trying to read property CallFunc_FinishSpawningActor_ReturnValue from function: 'ExecuteUbergraph_VZ-actor' from node: Zapytaj O Ammo in graph: EventGraph in object: VZ-actor with description: Accessed None trying to read property CallFunc_FinishSpawningActor_ReturnValue
[2017.06.22-14.18.19:580][143]LogScript:Warning: Accessed None trying to read property CallFunc_FinishSpawningActor_ReturnValue
	VZ-actor_C /Game/UEDPIE_0_LV1.LV1:PersistentLevel.VZ-actor_C_0
	Function /Game/Guns/Vz/VZ-actor.VZ-actor_C:ExecuteUbergraph_VZ-actor:07F4
[2017.06.22-14.18.19:580][143]PIE:Error: Error Blueprint Runtime Error: Accessed None trying to read property CallFunc_FinishSpawningActor_ReturnValue from function: 'ExecuteUbergraph_VZ-actor' from node: Zapytaj O Ammo in graph: EventGraph in object: VZ-actor with description: Accessed None trying to read property CallFunc_FinishSpawningActor_ReturnValue
[2017.06.22-14.18.19:680][149]LogScript:Warning: Accessed None trying to read property CallFunc_FinishSpawningActor_ReturnValue
	VZ-actor_C /Game/UEDPIE_0_LV1.LV1:PersistentLevel.VZ-actor_C_0
	Function /Game/Guns/Vz/VZ-actor.VZ-actor_C:ExecuteUbergraph_VZ-actor:07F4
[2017.06.22-14.18.19:680][149]PIE:Error: Error Blueprint Runtime Error: Accessed None trying to read property CallFunc_FinishSpawningActor_ReturnValue from function: 'ExecuteUbergraph_VZ-actor' from node: Zapytaj O Ammo in graph: EventGraph in object: VZ-actor with description: Accessed None trying to read property CallFunc_FinishSpawningActor_ReturnValue
[2017.06.22-14.18.22:348][309]LogScript:Warning: Attempted to access VZ-actor_C_0 via property Aktualnie_wybrany_przedmiot, but VZ-actor_C_0 is pending kill
	VZ-actor_C /Game/UEDPIE_0_LV1.LV1:PersistentLevel.VZ-actor_C_1
	Function /Game/Guns/Vz/VZ-actor.VZ-actor_C:ExecuteUbergraph_VZ-actor:1061
[2017.06.22-14.18.22:348][309]LogScript:Warning: Attempted to access VZ-actor_C_0 via property Aktualnie_wybrany_przedmiot, but VZ-actor_C_0 is pending kill
	VZ-actor_C /Game/UEDPIE_0_LV1.LV1:PersistentLevel.VZ-actor_C_1
	Function /Game/Guns/Vz/VZ-actor.VZ-actor_C:ExecuteUbergraph_VZ-actor:109F
[2017.06.22-14.18.22:981][347]LogScript:Warning: Accessed None trying to read property CallFunc_FinishSpawningActor_ReturnValue
	VZ-actor_C /Game/UEDPIE_0_LV1.LV1:PersistentLevel.VZ-actor_C_2
	Function /Game/Guns/Vz/VZ-actor.VZ-actor_C:ExecuteUbergraph_VZ-actor:07F4
[2017.06.22-14.18.22:982][347]PIE:Error: Error Blueprint Runtime Error: Accessed None trying to read property CallFunc_FinishSpawningActor_ReturnValue from function: 'ExecuteUbergraph_VZ-actor' from node: Zapytaj O Ammo in graph: EventGraph in object: VZ-actor with description: Accessed None trying to read property CallFunc_FinishSpawningActor_ReturnValue
[2017.06.22-14.18.23:081][353]LogScript:Warning: Accessed None trying to read property CallFunc_FinishSpawningActor_ReturnValue
	VZ-actor_C /Game/UEDPIE_0_LV1.LV1:PersistentLevel.VZ-actor_C_2
	Function /Game/Guns/Vz/VZ-actor.VZ-actor_C:ExecuteUbergraph_VZ-actor:07F4
[2017.06.22-14.18.23:082][353]PIE:Error: Error Blueprint Runtime Error: Accessed None trying to read property CallFunc_FinishSpawningActor_ReturnValue from function: 'ExecuteUbergraph_VZ-actor' from node: Zapytaj O Ammo in graph: EventGraph in object: VZ-actor with description: Accessed None trying to read property CallFunc_FinishSpawningActor_ReturnValue
[2017.06.22-14.18.23:182][359]LogScript:Warning: Accessed None trying to read property CallFunc_FinishSpawningActor_ReturnValue
	VZ-actor_C /Game/UEDPIE_0_LV1.LV1:PersistentLevel.VZ-actor_C_2
	Function /Game/Guns/Vz/VZ-actor.VZ-actor_C:ExecuteUbergraph_VZ-actor:07F4
[2017.06.22-14.18.23:182][359]PIE:Error: Error Blueprint Runtime Error: Accessed None trying to read property CallFunc_FinishSpawningActor_ReturnValue from function: 'ExecuteUbergraph_VZ-actor' from node: Zapytaj O Ammo in graph: EventGraph in object: VZ-actor with description: Accessed None trying to read property CallFunc_FinishSpawningActor_ReturnValue
[2017.06.22-14.18.23:365][370]LogScript:Warning: Accessed None trying to read property Magazine Reference
	VZ-actor_C /Game/UEDPIE_0_LV1.LV1:PersistentLevel.VZ-actor_C_2
	Function /Game/Guns/Vz/VZ-actor.VZ-actor_C:ExecuteUbergraph_VZ-actor:001A
[2017.06.22-14.18.23:365][370]PIE:Error: Error Blueprint Runtime Error: Accessed None trying to read property Magazine Reference from function: 'ExecuteUbergraph_VZ-actor' from node: DestroyActor in graph: EventGraph in object: VZ-actor with description: Accessed None trying to read property Magazine Reference
[2017.06.22-14.18.27:656][627]LogBlueprintUserMessages: Early EndPlayMap Detection: Level '/Game/LV1.LV1:PersistentLevel' has LevelScriptBlueprint '/Game/LV1.LV1:PersistentLevel.LV1' with GeneratedClass '/Game/LV1.LV1_C' with ClassGeneratedBy '/Game/LV1.LV1:PersistentLevel.LV1'
[2017.06.22-14.18.27:718][627]LogBlueprintUserMessages: Late EndPlayMap Detection: Level '/Game/LV1.LV1:PersistentLevel' has LevelScriptBlueprint '/Game/LV1.LV1:PersistentLevel.LV1' with GeneratedClass '/Game/LV1.LV1_C' with ClassGeneratedBy '/Game/LV1.LV1:PersistentLevel.LV1'
[2017.06.22-14.18.46:541][756]LogWindowsTextInputMethodSystem:Display: IME system now deactivated.
[2017.06.22-14.18.46:822][757]Cmd: QUIT_EDITOR
[2017.06.22-14.18.47:201][757]LogExit: Preparing to exit.
[2017.06.22-14.18.48:218][757]LogExit: Editor shut down
[2017.06.22-14.18.48:226][757]LogExit: Transaction tracking system shut down
[2017.06.22-14.18.48:309][757]LogObj: Freed 0b from 0 cluster array pools.
[2017.06.22-14.18.48:309][757]LogExit: Object subsystem successfully closed.
[2017.06.22-14.18.48:340][757]LogD3D11RHI: Shutdown
[2017.06.22-14.18.48:340][757]LogD3D11RHI: CleanupD3DDevice
[2017.06.22-14.18.48:411][757]LogD3D11RHI: ~FD3D11DynamicRHI
[2017.06.22-14.18.48:442][757]LogModuleManager: Shutting down and abandoning module MovieSceneCapture (526)
[2017.06.22-14.18.48:442][757]LogModuleManager: Shutting down and abandoning module HierarchicalLODOutliner (524)
[2017.06.22-14.18.48:442][757]LogModuleManager: Shutting down and abandoning module CrashTracker (522)
[2017.06.22-14.18.48:442][757]LogModuleManager: Shutting down and abandoning module SceneOutliner (520)
[2017.06.22-14.18.48:442][757]LogModuleManager: Shutting down and abandoning module AddContentDialog (518)
[2017.06.22-14.18.48:442][757]LogDirectoryWatcher: A directory notification for 'C:/Program Files/Epic Games/UE_4.16/FeaturePacks/' was aborted.
[2017.06.22-14.18.48:443][757]LogModuleManager: Shutting down and abandoning module WidgetCarousel (517)
[2017.06.22-14.18.48:443][757]LogModuleManager: Shutting down and abandoning module EditorWidgets (514)
[2017.06.22-14.18.48:443][757]LogModuleManager: Shutting down and abandoning module CollectionManager (512)
[2017.06.22-14.18.48:443][757]LogDirectoryWatcher: A directory notification for 'D:/Projekty/Unreal Engine/GTAsims 4.15/Content/Collections/' was aborted.
[2017.06.22-14.18.48:443][757]LogDirectoryWatcher: A directory notification for 'D:/Projekty/Unreal Engine/GTAsims 4.15/Content/Developers/Maciek/Collections/' was aborted.
[2017.06.22-14.18.48:443][757]LogDirectoryWatcher: A directory notification for 'D:/Projekty/Unreal Engine/GTAsims 4.15/Saved/Collections/' was aborted.
[2017.06.22-14.18.48:443][757]LogModuleManager: Shutting down and abandoning module StatsViewer (510)
[2017.06.22-14.18.48:443][757]LogModuleManager: Shutting down and abandoning module FoliageEdit (508)
[2017.06.22-14.18.48:443][757]LogModuleManager: Shutting down and abandoning module LandscapeEditor (506)
[2017.06.22-14.18.48:443][757]LogModuleManager: Shutting down and abandoning module MeshPaintMode (504)
[2017.06.22-14.18.48:443][757]LogModuleManager: Shutting down and abandoning module SceneDepthPickerMode (502)
[2017.06.22-14.18.48:443][757]LogModuleManager: Shutting down and abandoning module ActorPickerMode (500)
[2017.06.22-14.18.48:443][757]LogModuleManager: Shutting down and abandoning module GeometryMode (498)
[2017.06.22-14.18.48:443][757]LogModuleManager: Shutting down and abandoning module TextureAlignMode (496)
[2017.06.22-14.18.48:443][757]LogModuleManager: Shutting down and abandoning module BspMode (494)
[2017.06.22-14.18.48:443][757]LogModuleManager: Shutting down and abandoning module HardwareSurvey (492)
[2017.06.22-14.18.48:443][757]LogModuleManager: Shutting down and abandoning module SequenceRecorderSections (490)
[2017.06.22-14.18.48:444][757]LogModuleManager: Shutting down and abandoning module AutomationWorker (488)
[2017.06.22-14.18.48:444][757]LogModuleManager: Shutting down and abandoning module MatineeToLevelSequence (486)
[2017.06.22-14.18.48:444][757]LogModuleManager: Shutting down and abandoning module LevelSequenceEditor (484)
[2017.06.22-14.18.48:444][757]LogModuleManager: Shutting down and abandoning module PlacementMode (483)
[2017.06.22-14.18.48:444][757]LogModuleManager: Shutting down and abandoning module WmfMediaFactory (480)
[2017.06.22-14.18.48:444][757]LogModuleManager: Shutting down and abandoning module WmfMediaEditor (478)
[2017.06.22-14.18.48:444][757]LogModuleManager: Shutting down and abandoning module AvfMediaFactory (476)
[2017.06.22-14.18.48:444][757]LogModuleManager: Shutting down and abandoning module AvfMediaEditor (474)
[2017.06.22-14.18.48:444][757]LogModuleManager: Shutting down and abandoning module AndroidMediaFactory (472)
[2017.06.22-14.18.48:444][757]LogModuleManager: Shutting down and abandoning module Media (471)
[2017.06.22-14.18.48:444][757]LogModuleManager: Shutting down and abandoning module AndroidMediaEditor (468)
[2017.06.22-14.18.48:444][757]LogModuleManager: Shutting down and abandoning module CharacterAI (466)
[2017.06.22-14.18.48:444][757]LogModuleManager: Shutting down and abandoning module AudioCapture (464)
[2017.06.22-14.18.48:444][757]LogModuleManager: Shutting down and abandoning module SequenceRecorder (463)
[2017.06.22-14.18.48:444][757]LogModuleManager: Shutting down and abandoning module SmartSnapping (460)
[2017.06.22-14.18.48:444][757]LogModuleManager: Shutting down and abandoning module SessionServices (458)
[2017.06.22-14.18.48:444][757]LogModuleManager: Shutting down and abandoning module ViewportSnapping (456)
[2017.06.22-14.18.48:444][757]LogModuleManager: Shutting down and abandoning module ViewportInteraction (454)
[2017.06.22-14.18.48:444][757]LogModuleManager: Shutting down and abandoning module ClothPainter (452)
[2017.06.22-14.18.48:444][757]LogModuleManager: Shutting down and abandoning module LogVisualizer (450)
[2017.06.22-14.18.48:444][757]LogModuleManager: Shutting down and abandoning module IntroTutorials (448)
[2017.06.22-14.18.48:444][757]LogModuleManager: Shutting down and abandoning module GameProjectGeneration (447)
[2017.06.22-14.18.48:445][757]LogModuleManager: Shutting down and abandoning module EditorLiveStreaming (444)
[2017.06.22-14.18.48:445][757]LogModuleManager: Shutting down and abandoning module IOSPlatformEditor (442)
[2017.06.22-14.18.48:445][757]LogModuleManager: Shutting down and abandoning module HTML5PlatformEditor (440)
[2017.06.22-14.18.48:445][757]LogModuleManager: Shutting down and abandoning module AndroidPlatformEditor (438)
[2017.06.22-14.18.48:445][757]LogModuleManager: Shutting down and abandoning module AndroidDeviceDetection (437)
[2017.06.22-14.18.49:149][757]LogModuleManager: Shutting down and abandoning module IOSRuntimeSettings (434)
[2017.06.22-14.18.49:149][757]LogModuleManager: Shutting down and abandoning module AndroidRuntimeSettings (432)
[2017.06.22-14.18.49:149][757]LogModuleManager: Shutting down and abandoning module InputBindingEditor (430)
[2017.06.22-14.18.49:150][757]LogModuleManager: Shutting down and abandoning module MergeActors (428)
[2017.06.22-14.18.49:150][757]LogModuleManager: Shutting down and abandoning module SizeMap (426)
[2017.06.22-14.18.49:150][757]LogModuleManager: Shutting down and abandoning module TreeMap (424)
[2017.06.22-14.18.49:150][757]LogModuleManager: Shutting down and abandoning module ReferenceViewer (422)
[2017.06.22-14.18.49:150][757]LogModuleManager: Shutting down and abandoning module LocalizationDashboard (420)
[2017.06.22-14.18.49:150][757]LogModuleManager: Shutting down and abandoning module LocalizationService (419)
[2017.06.22-14.18.49:150][757]LogModuleManager: Shutting down and abandoning module HardwareTargeting (416)
[2017.06.22-14.18.49:150][757]LogModuleManager: Shutting down and abandoning module DeviceProfileEditor (414)
[2017.06.22-14.18.49:150][757]LogModuleManager: Shutting down and abandoning module UndoHistory (412)
[2017.06.22-14.18.49:150][757]LogModuleManager: Shutting down and abandoning module UserFeedback (410)
[2017.06.22-14.18.49:150][757]LogModuleManager: Shutting down and abandoning module XmlParser (408)
[2017.06.22-14.18.49:150][757]LogModuleManager: Shutting down and abandoning module Blutility (406)
[2017.06.22-14.18.49:150][757]LogModuleManager: Shutting down and abandoning module ProjectSettingsViewer (404)
[2017.06.22-14.18.49:150][757]LogModuleManager: Shutting down and abandoning module ProjectTargetPlatformEditor (403)
[2017.06.22-14.18.49:150][757]LogModuleManager: Shutting down and abandoning module EditorSettingsViewer (400)
[2017.06.22-14.18.49:150][757]LogModuleManager: Shutting down and abandoning module SettingsEditor (398)
[2017.06.22-14.18.49:150][757]LogModuleManager: Shutting down and abandoning module ProjectLauncher (396)
[2017.06.22-14.18.49:150][757]LogModuleManager: Shutting down and abandoning module SessionFrontend (394)
[2017.06.22-14.18.49:150][757]LogModuleManager: Shutting down and abandoning module ProfilerClient (392)
[2017.06.22-14.18.49:150][757]LogModuleManager: Shutting down and abandoning module DeviceManager (390)
[2017.06.22-14.18.49:150][757]LogModuleManager: Shutting down and abandoning module TargetDeviceServices (389)
[2017.06.22-14.18.49:204][757]LogModuleManager: Shutting down and abandoning module AutomationController (386)
[2017.06.22-14.18.49:204][757]LogModuleManager: Shutting down and abandoning module AutomationWindow (384)
[2017.06.22-14.18.49:204][757]LogModuleManager: Shutting down and abandoning module Layers (382)
[2017.06.22-14.18.49:204][757]LogModuleManager: Shutting down and abandoning module ComponentVisualizers (380)
[2017.06.22-14.18.49:204][757]LogModuleManager: Shutting down and abandoning module DetailCustomizations (378)
[2017.06.22-14.18.49:205][757]LogModuleManager: Shutting down and abandoning module PackagesDialog (376)
[2017.06.22-14.18.49:206][757]LogModuleManager: Shutting down and abandoning module Persona (374)
[2017.06.22-14.18.49:206][757]LogModuleManager: Shutting down and abandoning module AdvancedPreviewScene (373)
[2017.06.22-14.18.49:206][757]LogModuleManager: Shutting down and abandoning module AnimGraph (371)
[2017.06.22-14.18.49:206][757]LogModuleManager: Shutting down and abandoning module Kismet (368)
[2017.06.22-14.18.49:208][757]LogModuleManager: Shutting down and abandoning module ClassViewer (366)
[2017.06.22-14.18.49:208][757]LogModuleManager: Shutting down and abandoning module Toolbox (364)
[2017.06.22-14.18.49:208][757]LogModuleManager: Shutting down and abandoning module ModuleUI (362)
[2017.06.22-14.18.49:208][757]LogModuleManager: Shutting down and abandoning module MovieSceneTools (360)
[2017.06.22-14.18.49:208][757]LogModuleManager: Shutting down and abandoning module OutputLog (358)
[2017.06.22-14.18.49:208][757]LogModuleManager: Shutting down and abandoning module GammaUI (356)
[2017.06.22-14.18.49:208][757]LogModuleManager: Shutting down and abandoning module Documentation (354)
[2017.06.22-14.18.49:208][757]LogModuleManager: Shutting down and abandoning module MovieSceneTracks (352)
[2017.06.22-14.18.49:208][757]LogModuleManager: Shutting down and abandoning module MovieScene (350)
[2017.06.22-14.18.49:208][757]LogModuleManager: Shutting down and abandoning module Niagara (348)
[2017.06.22-14.18.49:208][757]LogModuleManager: Shutting down and abandoning module NiagaraEditor (347)
[2017.06.22-14.18.49:209][757]LogModuleManager: Shutting down and abandoning module StreamingPauseRendering (344)
[2017.06.22-14.18.49:209][757]LogModuleManager: Shutting down and abandoning module AnalyticsET (342)
[2017.06.22-14.18.49:209][757]LogModuleManager: Shutting down and abandoning module PortalServices (340)
[2017.06.22-14.18.49:209][757]LogModuleManager: Shutting down and abandoning module PortalRpc (338)
[2017.06.22-14.18.49:209][757]LogModuleManager: Shutting down and abandoning module MessagingRpc (336)
[2017.06.22-14.18.49:209][757]LogModuleManager: Shutting down and abandoning module AIModule (334)
[2017.06.22-14.18.49:209][757]LogModuleManager: Shutting down and abandoning module GameplayDebugger (333)
[2017.06.22-14.18.49:209][757]LogModuleManager: Shutting down and abandoning module AITestSuite (331)
[2017.06.22-14.18.49:209][757]LogModuleManager: Shutting down and abandoning module ProfilerService (328)
[2017.06.22-14.18.49:405][757]LogModuleManager: Shutting down and abandoning module TaskGraph (326)
[2017.06.22-14.18.49:405][757]LogModuleManager: Shutting down and abandoning module SteamVRController (324)
[2017.06.22-14.18.49:405][757]LogModuleManager: Shutting down and abandoning module SteamVR (322)
[2017.06.22-14.18.49:405][757]LogModuleManager: Shutting down and abandoning module ProceduralMeshComponentEditor (320)
[2017.06.22-14.18.49:405][757]LogModuleManager: Shutting down and abandoning module ProceduralMeshComponent (318)
[2017.06.22-14.18.49:405][757]LogModuleManager: Shutting down and abandoning module OculusLibrary (316)
[2017.06.22-14.18.49:405][757]LogModuleManager: Shutting down and abandoning module OculusInput (314)
[2017.06.22-14.18.49:405][757]LogModuleManager: Shutting down and abandoning module MobilePatchingUtils (312)
[2017.06.22-14.18.49:405][757]LogModuleManager: Shutting down and abandoning module CustomMeshComponent (310)
[2017.06.22-14.18.49:405][757]LogModuleManager: Shutting down and abandoning module CableComponent (308)
[2017.06.22-14.18.49:405][757]LogModuleManager: Shutting down and abandoning module ArchVisCharacter (306)
[2017.06.22-14.18.49:405][757]LogModuleManager: Shutting down and abandoning module AndroidPermission (304)
[2017.06.22-14.18.49:405][757]LogModuleManager: Shutting down and abandoning module MediaPlayerEditor (300)
[2017.06.22-14.18.49:405][757]LogModuleManager: Shutting down and abandoning module HTML5Networking (298)
[2017.06.22-14.18.49:405][757]LogModuleManager: Shutting down and abandoning module AlembicImporter (296)
[2017.06.22-14.18.49:405][757]LogModuleManager: Shutting down and abandoning module AlembicLibrary (295)
[2017.06.22-14.18.49:405][757]LogModuleManager: Shutting down and abandoning module GeometryCache (294)
[2017.06.22-14.18.49:405][757]LogModuleManager: Shutting down and abandoning module GeometryCacheEd (293)
[2017.06.22-14.18.49:405][757]LogModuleManager: Shutting down and abandoning module SuperSearchEditor (288)
[2017.06.22-14.18.49:405][757]LogModuleManager: Shutting down and abandoning module SuperSearch (287)
[2017.06.22-14.18.49:405][757]LogModuleManager: Shutting down and abandoning module SpeedTreeImporter (284)
[2017.06.22-14.18.49:405][757]LogModuleManager: Shutting down and abandoning module PluginBrowser (282)
[2017.06.22-14.18.49:405][757]LogModuleManager: Shutting down and abandoning module MobileLauncherProfileWizard (280)
[2017.06.22-14.18.49:405][757]LogModuleManager: Shutting down and abandoning module VisualStudioSourceCodeAccess (278)
[2017.06.22-14.18.49:405][757]LogModuleManager: Shutting down and abandoning module DesktopPlatform (277)
[2017.06.22-14.18.49:405][757]LogModuleManager: Shutting down and abandoning module UObjectPlugin (274)
[2017.06.22-14.18.49:405][757]LogModuleManager: Shutting down and abandoning module SubversionSourceControl (272)
[2017.06.22-14.18.49:405][757]LogModuleManager: Shutting down and abandoning module PerforceSourceControl (270)
[2017.06.22-14.18.49:407][757]LogModuleManager: Shutting down and abandoning module GitSourceControl (268)
[2017.06.22-14.18.49:407][757]LogModuleManager: Shutting down and abandoning module SourceControl (267)
[2017.06.22-14.18.49:407][757]LogModuleManager: Shutting down and abandoning module LightPropagationVolumeEditor (264)
[2017.06.22-14.18.49:407][757]LogModuleManager: Shutting down and abandoning module PaperTiledImporter (262)
[2017.06.22-14.18.49:407][757]LogModuleManager: Shutting down and abandoning module PaperSpriteSheetImporter (260)
[2017.06.22-14.18.49:407][757]LogModuleManager: Shutting down and abandoning module Paper2DEditor (258)
[2017.06.22-14.18.49:407][757]LogModuleManager: Shutting down and abandoning module MeshPaint (257)
[2017.06.22-14.18.49:407][757]LogModuleManager: Shutting down and abandoning module LevelEditor (255)
[2017.06.22-14.18.49:408][757]LogModuleManager: Shutting down and abandoning module PixelInspectorModule (254)
[2017.06.22-14.18.49:408][757]LogModuleManager: Shutting down and abandoning module MainFrame (252)
[2017.06.22-14.18.49:408][757]LogModuleManager: Shutting down and abandoning module HotReload (251)
[2017.06.22-14.18.49:408][757]LogModuleManager: Shutting down and abandoning module PhysXVehiclesEditor (246)
[2017.06.22-14.18.49:408][757]LogModuleManager: Shutting down and abandoning module PhysXVehicles (244)
[2017.06.22-14.18.49:408][757]LogModuleManager: Shutting down and abandoning module LocationServicesBPLibrary (242)
[2017.06.22-14.18.49:408][757]LogModuleManager: Shutting down and abandoning module ImmediatePhysicsEditor (240)
[2017.06.22-14.18.49:408][757]LogModuleManager: Shutting down and abandoning module ImmediatePhysics (238)
[2017.06.22-14.18.49:408][757]LogModuleManager: Shutting down and abandoning module UdpMessaging (236)
[2017.06.22-14.18.49:511][757]LogModuleManager: Shutting down and abandoning module TcpMessaging (234)
[2017.06.22-14.18.49:611][757]LogModuleManager: Shutting down and abandoning module GameplayTagsEditor (232)
[2017.06.22-14.18.49:613][757]LogModuleManager: Shutting down and abandoning module FacialAnimationEditor (230)
[2017.06.22-14.18.49:613][757]LogModuleManager: Shutting down and abandoning module FacialAnimation (228)
[2017.06.22-14.18.49:613][757]LogModuleManager: Shutting down and abandoning module AssetManagerEditor (226)
[2017.06.22-14.18.49:613][757]LogModuleManager: Shutting down and abandoning module GraphEditor (225)
[2017.06.22-14.18.49:613][757]LogModuleManager: Shutting down and abandoning module ContentBrowser (223)
[2017.06.22-14.18.49:614][757]LogModuleManager: Shutting down and abandoning module LightPropagationVolumeRuntime (220)
[2017.06.22-14.18.49:614][757]LogModuleManager: Shutting down and abandoning module Paper2D (218)
[2017.06.22-14.18.49:614][757]LogModuleManager: Shutting down and abandoning module WindowsMoviePlayer (216)
[2017.06.22-14.18.49:614][757]LogModuleManager: Shutting down and abandoning module WmfMedia (214)
[2017.06.22-14.18.49:614][757]LogModuleManager: Shutting down and abandoning module ClothingSystemEditor (212)
[2017.06.22-14.18.49:614][757]LogModuleManager: Shutting down and abandoning module ClothingSystemRuntime (210)
[2017.06.22-14.18.49:614][757]LogModuleManager: Shutting down and abandoning module MediaAssets (208)
[2017.06.22-14.18.49:614][757]LogModuleManager: Shutting down and abandoning module GameLiveStreaming (206)
[2017.06.22-14.18.49:614][757]LogModuleManager: Shutting down and abandoning module VREditor (204)
[2017.06.22-14.18.49:615][757]LogModuleManager: Shutting down and abandoning module StringTableEditor (202)
[2017.06.22-14.18.49:615][757]LogModuleManager: Shutting down and abandoning module GameplayTasksEditor (200)
[2017.06.22-14.18.49:615][757]LogModuleManager: Shutting down and abandoning module BehaviorTreeEditor (198)
[2017.06.22-14.18.49:615][757]LogModuleManager: Shutting down and abandoning module FunctionalTesting (196)
[2017.06.22-14.18.49:615][757]LogModuleManager: Shutting down and abandoning module CollisionAnalyzer (194)
[2017.06.22-14.18.49:615][757]LogModuleManager: Shutting down and abandoning module UMG (192)
[2017.06.22-14.18.49:615][757]LogModuleManager: Shutting down and abandoning module UMGEditor (191)
[2017.06.22-14.18.49:615][757]LogModuleManager: Shutting down and abandoning module Sequencer (190)
[2017.06.22-14.18.49:616][757]LogModuleManager: Shutting down and abandoning module AssetTools (188)
[2017.06.22-14.18.49:616][757]LogModuleManager: Shutting down and abandoning module MessageLog (187)
[2017.06.22-14.18.49:616][757]LogModuleManager: Shutting down and abandoning module WorkspaceMenuStructure (186)
[2017.06.22-14.18.49:616][757]LogModuleManager: Shutting down and abandoning module SlateReflector (180)
[2017.06.22-14.18.49:616][757]LogModuleManager: Shutting down and abandoning module Slate (178)
[2017.06.22-14.18.49:616][757]LogModuleManager: Shutting down and abandoning module EditorStyle (176)
[2017.06.22-14.18.49:619][757]LogModuleManager: Shutting down and abandoning module SourceCodeAccess (174)
[2017.06.22-14.18.49:619][757]LogModuleManager: Shutting down and abandoning module HeadMountedDisplay (172)
[2017.06.22-14.18.49:619][757]LogModuleManager: Shutting down and abandoning module XAudio2 (170)
[2017.06.22-14.18.49:619][757]LogModuleManager: Shutting down and abandoning module Networking (168)
[2017.06.22-14.18.49:619][757]LogModuleManager: Shutting down and abandoning module Core (164)
[2017.06.22-14.18.49:619][757]LogModuleManager: Shutting down and abandoning module AssetRegistry (162)
[2017.06.22-14.18.49:830][757]LogDirectoryWatcher: A directory notification for '../../../Engine/Content/' was aborted.
[2017.06.22-14.18.49:830][757]LogDirectoryWatcher: A directory notification for 'D:/Projekty/Unreal Engine/GTAsims 4.15/Content/' was aborted.
[2017.06.22-14.18.49:830][757]LogDirectoryWatcher: A directory notification for '../../../Engine/Plugins/2D/Paper2D/Content/' was aborted.
[2017.06.22-14.18.49:830][757]LogDirectoryWatcher: A directory notification for '../../../Engine/Plugins/Runtime/GearVR/Content/' was aborted.
[2017.06.22-14.18.49:832][757]LogModuleManager: Shutting down and abandoning module DirectoryWatcher (161)
[2017.06.22-14.18.49:833][757]LogModuleManager: Shutting down and abandoning module KismetCompiler (158)
[2017.06.22-14.18.49:833][757]LogModuleManager: Shutting down and abandoning module LevelSequence (156)
[2017.06.22-14.18.49:833][757]LogModuleManager: Shutting down and abandoning module PhysXFormats (154)
[2017.06.22-14.18.49:833][757]LogModuleManager: Shutting down and abandoning module MeshUtilities (152)
[2017.06.22-14.18.49:833][757]LogModuleManager: Shutting down and abandoning module SimplygonSwarm (151)
[2017.06.22-14.18.49:833][757]LogModuleManager: Shutting down and abandoning module SimplygonMeshReduction (149)
[2017.06.22-14.18.49:833][757]LogModuleManager: Shutting down and abandoning module QuadricMeshReduction (147)
[2017.06.22-14.18.49:833][757]LogModuleManager: Shutting down and abandoning module DerivedDataCache (144)
[2017.06.22-14.18.49:906][757]LogDerivedDataCache: Shutdown
[2017.06.22-14.18.49:906][757]LogModuleManager: Shutting down and abandoning module TargetPlatform (142)
[2017.06.22-14.18.49:906][757]LogModuleManager: Shutting down and abandoning module VulkanShaderFormat (141)
[2017.06.22-14.18.49:906][757]LogModuleManager: Shutting down and abandoning module ShaderFormatVectorVM (139)
[2017.06.22-14.18.49:906][757]LogModuleManager: Shutting down and abandoning module ShaderFormatOpenGL (137)
[2017.06.22-14.18.49:906][757]LogModuleManager: Shutting down and abandoning module ShaderFormatD3D (135)
[2017.06.22-14.18.49:906][757]LogModuleManager: Shutting down and abandoning module MetalShaderFormat (133)
[2017.06.22-14.18.49:906][757]LogModuleManager: Shutting down and abandoning module TextureFormatUncompressed (131)
[2017.06.22-14.18.49:906][757]LogModuleManager: Shutting down and abandoning module TextureFormatPVR (129)
[2017.06.22-14.18.49:906][757]LogModuleManager: Shutting down and abandoning module TextureFormatDXT (127)
[2017.06.22-14.18.49:906][757]LogModuleManager: Shutting down and abandoning module TextureFormatIntelISPCTexComp (125)
[2017.06.22-14.18.49:906][757]LogModuleManager: Shutting down and abandoning module TextureFormatASTC (123)
[2017.06.22-14.18.49:906][757]LogModuleManager: Shutting down and abandoning module ImageWrapper (122)
[2017.06.22-14.18.49:906][757]LogModuleManager: Shutting down and abandoning module TextureFormatAndroid (119)
[2017.06.22-14.18.49:906][757]LogModuleManager: Shutting down and abandoning module AudioFormatOpus (117)
[2017.06.22-14.18.49:906][757]LogModuleManager: Shutting down and abandoning module AudioFormatOgg (115)
[2017.06.22-14.18.49:906][757]LogModuleManager: Shutting down and abandoning module AudioFormatADPCM (113)
[2017.06.22-14.18.49:906][757]LogModuleManager: Shutting down and abandoning module LinuxTargetPlatform (111)
[2017.06.22-14.18.49:906][757]LogModuleManager: Shutting down and abandoning module LinuxServerTargetPlatform (109)
[2017.06.22-14.18.49:906][757]LogModuleManager: Shutting down and abandoning module LinuxNoEditorTargetPlatform (107)
[2017.06.22-14.18.49:906][757]LogModuleManager: Shutting down and abandoning module LinuxClientTargetPlatform (105)
[2017.06.22-14.18.49:906][757]LogModuleManager: Shutting down and abandoning module TVOSTargetPlatform (103)
[2017.06.22-14.18.49:906][757]LogModuleManager: Shutting down and abandoning module Messaging (101)
[2017.06.22-14.18.49:906][757]LogModuleManager: Shutting down and abandoning module IOSTargetPlatform (99)
[2017.06.22-14.18.49:906][757]LogModuleManager: Shutting down and abandoning module HTML5TargetPlatform (97)
[2017.06.22-14.18.49:906][757]LogModuleManager: Shutting down and abandoning module Android_PVRTCTargetPlatform (95)
[2017.06.22-14.18.49:906][757]LogModuleManager: Shutting down and abandoning module Android_MultiTargetPlatform (93)
[2017.06.22-14.18.49:906][757]LogModuleManager: Shutting down and abandoning module Android_ETC2TargetPlatform (91)
[2017.06.22-14.18.49:906][757]LogModuleManager: Shutting down and abandoning module Android_ETC1TargetPlatform (89)
[2017.06.22-14.18.49:906][757]LogModuleManager: Shutting down and abandoning module Android_DXTTargetPlatform (87)
[2017.06.22-14.18.49:906][757]LogModuleManager: Shutting down and abandoning module Android_ATCTargetPlatform (85)
[2017.06.22-14.18.49:906][757]LogModuleManager: Shutting down and abandoning module Android_ASTCTargetPlatform (83)
[2017.06.22-14.18.49:906][757]LogModuleManager: Shutting down and abandoning module AndroidTargetPlatform (81)
[2017.06.22-14.18.49:907][757]LogModuleManager: Shutting down and abandoning module WindowsTargetPlatform (79)
[2017.06.22-14.18.49:907][757]LogModuleManager: Shutting down and abandoning module WindowsServerTargetPlatform (77)
[2017.06.22-14.18.49:907][757]LogModuleManager: Shutting down and abandoning module WindowsNoEditorTargetPlatform (75)
[2017.06.22-14.18.49:907][757]LogModuleManager: Shutting down and abandoning module WindowsClientTargetPlatform (73)
[2017.06.22-14.18.49:907][757]LogModuleManager: Shutting down and abandoning module MacTargetPlatform (71)
[2017.06.22-14.18.49:907][757]LogModuleManager: Shutting down and abandoning module MacServerTargetPlatform (69)
[2017.06.22-14.18.49:907][757]LogModuleManager: Shutting down and abandoning module MacNoEditorTargetPlatform (67)
[2017.06.22-14.18.49:907][757]LogModuleManager: Shutting down and abandoning module MacClientTargetPlatform (65)
[2017.06.22-14.18.49:907][757]LogModuleManager: Shutting down and abandoning module AllDesktopTargetPlatform (63)
[2017.06.22-14.18.49:907][757]LogModuleManager: Shutting down and abandoning module InputCore (60)
[2017.06.22-14.18.49:907][757]LogModuleManager: Shutting down and abandoning module Settings (58)
[2017.06.22-14.18.49:907][757]LogModuleManager: Shutting down and abandoning module OculusRift (56)
[2017.06.22-14.18.49:907][757]LogModuleManager: Shutting down and abandoning module GearVRController (54)
[2017.06.22-14.18.49:907][757]LogModuleManager: Shutting down and abandoning module GearVR (52)
[2017.06.22-14.18.49:907][757]LogModuleManager: Shutting down and abandoning module ExampleDeviceProfileSelector (50)
[2017.06.22-14.18.49:907][757]LogModuleManager: Shutting down and abandoning module OnlineBlueprintSupport (48)
[2017.06.22-14.18.49:907][757]LogModuleManager: Shutting down and abandoning module OnlineSubsystem (44)
[2017.06.22-14.18.49:907][757]LogOnline:Display: Unloading online subsystem: NULL
[2017.06.22-14.18.49:907][757]LogModuleManager: Shutting down and abandoning module XMPP (43)
[2017.06.22-14.18.49:908][757]LogModuleManager: Shutting down and abandoning module HTTP (41)
[2017.06.22-14.18.49:908][757]LogHttp:Display: Http module shutting down, but needs to wait on 1 outstanding Http requests:
[2017.06.22-14.18.49:908][757]LogHttp:Display: 	verb=[POST] url=[https://datarouter.ol.epicgames.com/datarouter/api/v1/public/data?SessionID=%7B71065912-4FF6-CE8D-E612-FCAC73D0EB8F%7D&AppID=UEEditor.Rocket.Release&AppVersion=4.16.1-3466753%2B%2B%2BUE4%2BRelease-4.16&UserID=d955eb314a1c9e8c389d96a793628a38%7C579ce6e177c349f5bc42aaa76c8fe4f8%7C665b82a6-fde0-4f5c-9bed-ac59c7813dd1&AppEnvironment=datacollector-binary&UploadType=eteventstream] status=Processing
[2017.06.22-14.18.50:109][757]LogModuleManager: Shutting down and abandoning module SSL (40)
[2017.06.22-14.18.50:112][757]LogModuleManager: Shutting down and abandoning module HTTPChunkInstaller (36)
[2017.06.22-14.18.50:112][757]LogModuleManager: Shutting down and abandoning module AnimationModifiers (34)
[2017.06.22-14.18.50:112][757]LogModuleManager: Shutting down and abandoning module PropertyEditor (33)
[2017.06.22-14.18.50:112][757]LogModuleManager: Shutting down and abandoning module AudioEditor (30)
[2017.06.22-14.18.50:113][757]LogModuleManager: Shutting down and abandoning module TextureCompressor (28)
[2017.06.22-14.18.50:113][757]LogModuleManager: Shutting down and abandoning module ShaderCore (26)
[2017.06.22-14.18.50:113][757]LogModuleManager: Shutting down and abandoning module Landscape (24)
[2017.06.22-14.18.50:113][757]LogModuleManager: Shutting down and abandoning module SlateRHIRenderer (22)
[2017.06.22-14.18.50:113][757]LogModuleManager: Shutting down and abandoning module OpenGLDrv (20)
[2017.06.22-14.18.50:113][757]LogModuleManager: Shutting down and abandoning module D3D11RHI (18)
[2017.06.22-14.18.50:113][757]LogModuleManager: Shutting down and abandoning module AnimGraphRuntime (16)
[2017.06.22-14.18.50:113][757]LogModuleManager: Shutting down and abandoning module Renderer (14)
[2017.06.22-14.18.50:113][757]LogModuleManager: Shutting down and abandoning module Engine (12)
[2017.06.22-14.18.50:113][757]LogModuleManager: Shutting down and abandoning module CoreUObject (10)
[2017.06.22-14.18.50:113][757]LogModuleManager: Shutting down and abandoning module NetworkFile (8)
[2017.06.22-14.18.50:113][757]LogModuleManager: Shutting down and abandoning module StreamingFile (6)
[2017.06.22-14.18.50:113][757]LogModuleManager: Shutting down and abandoning module SandboxFile (4)
[2017.06.22-14.18.50:113][757]LogModuleManager: Shutting down and abandoning module PakFile (2)
[2017.06.22-14.18.50:117][757]LogExit: Exiting.
[2017.06.22-14.18.50:130][757]Log file closed, 06/22/17 16:18:50
